{"/Users/yujiapei/WebstormProjects/project_team055/src/rest/Server.js":{"path":"/Users/yujiapei/WebstormProjects/project_team055/src/rest/Server.js","statementMap":{"0":{"start":{"line":2,"column":0},"end":{"line":2,"column":62}},"1":{"start":{"line":3,"column":11},"end":{"line":3,"column":24}},"2":{"start":{"line":4,"column":16},"end":{"line":4,"column":34}},"3":{"start":{"line":5,"column":15},"end":{"line":5,"column":33}},"4":{"start":{"line":6,"column":24},"end":{"line":6,"column":62}},"5":{"start":{"line":9,"column":8},"end":{"line":9,"column":62}},"6":{"start":{"line":10,"column":8},"end":{"line":10,"column":25}},"7":{"start":{"line":11,"column":8},"end":{"line":11,"column":59}},"8":{"start":{"line":14,"column":8},"end":{"line":14,"column":47}},"9":{"start":{"line":15,"column":21},"end":{"line":15,"column":25}},"10":{"start":{"line":16,"column":8},"end":{"line":20,"column":11}},"11":{"start":{"line":17,"column":12},"end":{"line":19,"column":15}},"12":{"start":{"line":18,"column":16},"end":{"line":18,"column":30}},"13":{"start":{"line":23,"column":21},"end":{"line":23,"column":25}},"14":{"start":{"line":24,"column":8},"end":{"line":55,"column":11}},"15":{"start":{"line":25,"column":12},"end":{"line":54,"column":13}},"16":{"start":{"line":26,"column":16},"end":{"line":26,"column":63}},"17":{"start":{"line":27,"column":16},"end":{"line":29,"column":19}},"18":{"start":{"line":30,"column":16},"end":{"line":30,"column":87}},"19":{"start":{"line":31,"column":16},"end":{"line":35,"column":19}},"20":{"start":{"line":32,"column":20},"end":{"line":32,"column":67}},"21":{"start":{"line":33,"column":20},"end":{"line":33,"column":83}},"22":{"start":{"line":34,"column":20},"end":{"line":34,"column":34}},"23":{"start":{"line":36,"column":16},"end":{"line":36,"column":57}},"24":{"start":{"line":37,"column":16},"end":{"line":37,"column":72}},"25":{"start":{"line":38,"column":16},"end":{"line":38,"column":80}},"26":{"start":{"line":39,"column":16},"end":{"line":39,"column":77}},"27":{"start":{"line":40,"column":16},"end":{"line":40,"column":71}},"28":{"start":{"line":41,"column":16},"end":{"line":41,"column":55}},"29":{"start":{"line":42,"column":16},"end":{"line":45,"column":19}},"30":{"start":{"line":43,"column":20},"end":{"line":43,"column":97}},"31":{"start":{"line":44,"column":20},"end":{"line":44,"column":34}},"32":{"start":{"line":46,"column":16},"end":{"line":49,"column":19}},"33":{"start":{"line":47,"column":20},"end":{"line":47,"column":83}},"34":{"start":{"line":48,"column":20},"end":{"line":48,"column":32}},"35":{"start":{"line":52,"column":16},"end":{"line":52,"column":72}},"36":{"start":{"line":53,"column":16},"end":{"line":53,"column":28}},"37":{"start":{"line":58,"column":8},"end":{"line":58,"column":89}},"38":{"start":{"line":59,"column":8},"end":{"line":67,"column":9}},"39":{"start":{"line":60,"column":29},"end":{"line":60,"column":63}},"40":{"start":{"line":61,"column":12},"end":{"line":61,"column":72}},"41":{"start":{"line":62,"column":12},"end":{"line":62,"column":48}},"42":{"start":{"line":65,"column":12},"end":{"line":65,"column":70}},"43":{"start":{"line":66,"column":12},"end":{"line":66,"column":42}},"44":{"start":{"line":68,"column":8},"end":{"line":68,"column":22}},"45":{"start":{"line":71,"column":8},"end":{"line":76,"column":9}},"46":{"start":{"line":72,"column":12},"end":{"line":72,"column":37}},"47":{"start":{"line":75,"column":12},"end":{"line":75,"column":42}},"48":{"start":{"line":79,"column":20},"end":{"line":79,"column":36}},"49":{"start":{"line":80,"column":8},"end":{"line":80,"column":97}},"50":{"start":{"line":81,"column":8},"end":{"line":87,"column":11}},"51":{"start":{"line":82,"column":12},"end":{"line":82,"column":79}},"52":{"start":{"line":83,"column":12},"end":{"line":83,"column":48}},"53":{"start":{"line":85,"column":12},"end":{"line":85,"column":78}},"54":{"start":{"line":86,"column":12},"end":{"line":86,"column":42}},"55":{"start":{"line":88,"column":8},"end":{"line":88,"column":22}},"56":{"start":{"line":91,"column":17},"end":{"line":91,"column":30}},"57":{"start":{"line":92,"column":8},"end":{"line":92,"column":98}},"58":{"start":{"line":93,"column":8},"end":{"line":102,"column":11}},"59":{"start":{"line":94,"column":12},"end":{"line":94,"column":81}},"60":{"start":{"line":95,"column":12},"end":{"line":95,"column":48}},"61":{"start":{"line":97,"column":12},"end":{"line":97,"column":79}},"62":{"start":{"line":98,"column":12},"end":{"line":98,"column":42}},"63":{"start":{"line":100,"column":12},"end":{"line":100,"column":79}},"64":{"start":{"line":101,"column":12},"end":{"line":101,"column":42}},"65":{"start":{"line":103,"column":8},"end":{"line":103,"column":22}},"66":{"start":{"line":106,"column":22},"end":{"line":106,"column":49}},"67":{"start":{"line":107,"column":17},"end":{"line":107,"column":30}},"68":{"start":{"line":108,"column":19},"end":{"line":108,"column":34}},"69":{"start":{"line":109,"column":8},"end":{"line":109,"column":95}},"70":{"start":{"line":110,"column":8},"end":{"line":116,"column":11}},"71":{"start":{"line":111,"column":12},"end":{"line":111,"column":78}},"72":{"start":{"line":112,"column":12},"end":{"line":112,"column":48}},"73":{"start":{"line":114,"column":12},"end":{"line":114,"column":76}},"74":{"start":{"line":115,"column":12},"end":{"line":115,"column":42}},"75":{"start":{"line":117,"column":8},"end":{"line":117,"column":22}},"76":{"start":{"line":120,"column":8},"end":{"line":120,"column":96}},"77":{"start":{"line":121,"column":8},"end":{"line":127,"column":11}},"78":{"start":{"line":122,"column":12},"end":{"line":122,"column":79}},"79":{"start":{"line":123,"column":12},"end":{"line":123,"column":48}},"80":{"start":{"line":125,"column":12},"end":{"line":125,"column":77}},"81":{"start":{"line":126,"column":12},"end":{"line":126,"column":42}},"82":{"start":{"line":128,"column":8},"end":{"line":128,"column":22}},"83":{"start":{"line":131,"column":26},"end":{"line":131,"column":44}},"84":{"start":{"line":132,"column":8},"end":{"line":132,"column":67}},"85":{"start":{"line":133,"column":19},"end":{"line":133,"column":43}},"86":{"start":{"line":134,"column":8},"end":{"line":136,"column":9}},"87":{"start":{"line":135,"column":12},"end":{"line":135,"column":56}},"88":{"start":{"line":137,"column":8},"end":{"line":146,"column":11}},"89":{"start":{"line":138,"column":12},"end":{"line":142,"column":13}},"90":{"start":{"line":139,"column":16},"end":{"line":139,"column":30}},"91":{"start":{"line":140,"column":16},"end":{"line":140,"column":58}},"92":{"start":{"line":141,"column":16},"end":{"line":141,"column":30}},"93":{"start":{"line":143,"column":12},"end":{"line":143,"column":28}},"94":{"start":{"line":144,"column":12},"end":{"line":144,"column":22}},"95":{"start":{"line":145,"column":12},"end":{"line":145,"column":26}},"96":{"start":{"line":149,"column":0},"end":{"line":149,"column":25}}},"fnMap":{"0":{"name":"(anonymous_0)","decl":{"start":{"line":8,"column":4},"end":{"line":8,"column":5}},"loc":{"start":{"line":8,"column":22},"end":{"line":12,"column":5}},"line":8},"1":{"name":"(anonymous_1)","decl":{"start":{"line":13,"column":4},"end":{"line":13,"column":5}},"loc":{"start":{"line":13,"column":11},"end":{"line":21,"column":5}},"line":13},"2":{"name":"(anonymous_2)","decl":{"start":{"line":16,"column":27},"end":{"line":16,"column":28}},"loc":{"start":{"line":16,"column":46},"end":{"line":20,"column":9}},"line":16},"3":{"name":"(anonymous_3)","decl":{"start":{"line":17,"column":28},"end":{"line":17,"column":29}},"loc":{"start":{"line":17,"column":40},"end":{"line":19,"column":13}},"line":17},"4":{"name":"(anonymous_4)","decl":{"start":{"line":22,"column":4},"end":{"line":22,"column":5}},"loc":{"start":{"line":22,"column":12},"end":{"line":56,"column":5}},"line":22},"5":{"name":"(anonymous_5)","decl":{"start":{"line":24,"column":27},"end":{"line":24,"column":28}},"loc":{"start":{"line":24,"column":54},"end":{"line":55,"column":9}},"line":24},"6":{"name":"crossOrigin","decl":{"start":{"line":31,"column":39},"end":{"line":31,"column":50}},"loc":{"start":{"line":31,"column":67},"end":{"line":35,"column":17}},"line":31},"7":{"name":"(anonymous_7)","decl":{"start":{"line":42,"column":44},"end":{"line":42,"column":45}},"loc":{"start":{"line":42,"column":56},"end":{"line":45,"column":17}},"line":42},"8":{"name":"(anonymous_8)","decl":{"start":{"line":46,"column":38},"end":{"line":46,"column":39}},"loc":{"start":{"line":46,"column":53},"end":{"line":49,"column":17}},"line":46},"9":{"name":"(anonymous_9)","decl":{"start":{"line":57,"column":4},"end":{"line":57,"column":5}},"loc":{"start":{"line":57,"column":32},"end":{"line":69,"column":5}},"line":57},"10":{"name":"(anonymous_10)","decl":{"start":{"line":70,"column":4},"end":{"line":70,"column":5}},"loc":{"start":{"line":70,"column":28},"end":{"line":77,"column":5}},"line":70},"11":{"name":"(anonymous_11)","decl":{"start":{"line":78,"column":4},"end":{"line":78,"column":5}},"loc":{"start":{"line":78,"column":33},"end":{"line":89,"column":5}},"line":78},"12":{"name":"(anonymous_12)","decl":{"start":{"line":81,"column":52},"end":{"line":81,"column":53}},"loc":{"start":{"line":81,"column":66},"end":{"line":84,"column":9}},"line":81},"13":{"name":"(anonymous_13)","decl":{"start":{"line":84,"column":17},"end":{"line":84,"column":18}},"loc":{"start":{"line":84,"column":26},"end":{"line":87,"column":9}},"line":84},"14":{"name":"(anonymous_14)","decl":{"start":{"line":90,"column":4},"end":{"line":90,"column":5}},"loc":{"start":{"line":90,"column":34},"end":{"line":104,"column":5}},"line":90},"15":{"name":"(anonymous_15)","decl":{"start":{"line":93,"column":50},"end":{"line":93,"column":51}},"loc":{"start":{"line":93,"column":64},"end":{"line":96,"column":9}},"line":93},"16":{"name":"(anonymous_16)","decl":{"start":{"line":96,"column":17},"end":{"line":96,"column":18}},"loc":{"start":{"line":96,"column":26},"end":{"line":99,"column":9}},"line":96},"17":{"name":"(anonymous_17)","decl":{"start":{"line":99,"column":17},"end":{"line":99,"column":18}},"loc":{"start":{"line":99,"column":26},"end":{"line":102,"column":9}},"line":99},"18":{"name":"(anonymous_18)","decl":{"start":{"line":105,"column":4},"end":{"line":105,"column":5}},"loc":{"start":{"line":105,"column":31},"end":{"line":118,"column":5}},"line":105},"19":{"name":"(anonymous_19)","decl":{"start":{"line":110,"column":62},"end":{"line":110,"column":63}},"loc":{"start":{"line":110,"column":76},"end":{"line":113,"column":9}},"line":110},"20":{"name":"(anonymous_20)","decl":{"start":{"line":113,"column":17},"end":{"line":113,"column":18}},"loc":{"start":{"line":113,"column":26},"end":{"line":116,"column":9}},"line":113},"21":{"name":"(anonymous_21)","decl":{"start":{"line":119,"column":4},"end":{"line":119,"column":5}},"loc":{"start":{"line":119,"column":32},"end":{"line":129,"column":5}},"line":119},"22":{"name":"(anonymous_22)","decl":{"start":{"line":121,"column":47},"end":{"line":121,"column":48}},"loc":{"start":{"line":121,"column":61},"end":{"line":124,"column":9}},"line":121},"23":{"name":"(anonymous_23)","decl":{"start":{"line":124,"column":17},"end":{"line":124,"column":18}},"loc":{"start":{"line":124,"column":26},"end":{"line":127,"column":9}},"line":124},"24":{"name":"(anonymous_24)","decl":{"start":{"line":130,"column":4},"end":{"line":130,"column":5}},"loc":{"start":{"line":130,"column":37},"end":{"line":147,"column":5}},"line":130},"25":{"name":"(anonymous_25)","decl":{"start":{"line":137,"column":26},"end":{"line":137,"column":27}},"loc":{"start":{"line":137,"column":47},"end":{"line":146,"column":9}},"line":137}},"branchMap":{"0":{"loc":{"start":{"line":71,"column":8},"end":{"line":76,"column":9}},"type":"if","locations":[{"start":{"line":71,"column":8},"end":{"line":76,"column":9}},{"start":{"line":71,"column":8},"end":{"line":76,"column":9}}],"line":71},"1":{"loc":{"start":{"line":71,"column":12},"end":{"line":71,"column":54}},"type":"binary-expr","locations":[{"start":{"line":71,"column":12},"end":{"line":71,"column":38}},{"start":{"line":71,"column":42},"end":{"line":71,"column":54}}],"line":71},"2":{"loc":{"start":{"line":134,"column":8},"end":{"line":136,"column":9}},"type":"if","locations":[{"start":{"line":134,"column":8},"end":{"line":136,"column":9}},{"start":{"line":134,"column":8},"end":{"line":136,"column":9}}],"line":134},"3":{"loc":{"start":{"line":138,"column":12},"end":{"line":142,"column":13}},"type":"if","locations":[{"start":{"line":138,"column":12},"end":{"line":142,"column":13}},{"start":{"line":138,"column":12},"end":{"line":142,"column":13}}],"line":138}},"s":{"0":1,"1":1,"2":1,"3":1,"4":1,"5":1,"6":1,"7":1,"8":1,"9":1,"10":1,"11":1,"12":1,"13":1,"14":1,"15":1,"16":1,"17":1,"18":1,"19":1,"20":0,"21":0,"22":0,"23":1,"24":1,"25":1,"26":1,"27":1,"28":1,"29":1,"30":1,"31":1,"32":1,"33":0,"34":0,"35":0,"36":0,"37":0,"38":0,"39":0,"40":0,"41":0,"42":0,"43":0,"44":0,"45":0,"46":0,"47":0,"48":0,"49":0,"50":0,"51":0,"52":0,"53":0,"54":0,"55":0,"56":0,"57":0,"58":0,"59":0,"60":0,"61":0,"62":0,"63":0,"64":0,"65":0,"66":0,"67":0,"68":0,"69":0,"70":0,"71":0,"72":0,"73":0,"74":0,"75":0,"76":0,"77":0,"78":0,"79":0,"80":0,"81":0,"82":0,"83":0,"84":0,"85":0,"86":0,"87":0,"88":0,"89":0,"90":0,"91":0,"92":0,"93":0,"94":0,"95":0,"96":1},"f":{"0":1,"1":1,"2":1,"3":1,"4":1,"5":1,"6":0,"7":1,"8":0,"9":0,"10":0,"11":0,"12":0,"13":0,"14":0,"15":0,"16":0,"17":0,"18":0,"19":0,"20":0,"21":0,"22":0,"23":0,"24":0,"25":0},"b":{"0":[0,0],"1":[0,0],"2":[0,0],"3":[0,0]},"_coverageSchema":"332fd63041d2c1bcb487cc26dd0d5f7d97098a6c","hash":"4571c25bdf505380d11802180526331da2d03199","contentHash":"9fda2c78343231e2de030876cbc9f1b4_11.3.0"},"/Users/yujiapei/WebstormProjects/project_team055/src/Util.js":{"path":"/Users/yujiapei/WebstormProjects/project_team055/src/Util.js","statementMap":{"0":{"start":{"line":2,"column":0},"end":{"line":2,"column":62}},"1":{"start":{"line":5,"column":8},"end":{"line":5,"column":67}},"2":{"start":{"line":8,"column":8},"end":{"line":8,"column":68}},"3":{"start":{"line":11,"column":8},"end":{"line":11,"column":68}},"4":{"start":{"line":14,"column":8},"end":{"line":14,"column":69}},"5":{"start":{"line":17,"column":8},"end":{"line":17,"column":67}},"6":{"start":{"line":20,"column":0},"end":{"line":20,"column":22}}},"fnMap":{"0":{"name":"(anonymous_0)","decl":{"start":{"line":4,"column":4},"end":{"line":4,"column":5}},"loc":{"start":{"line":4,"column":25},"end":{"line":6,"column":5}},"line":4},"1":{"name":"(anonymous_1)","decl":{"start":{"line":7,"column":4},"end":{"line":7,"column":5}},"loc":{"start":{"line":7,"column":24},"end":{"line":9,"column":5}},"line":7},"2":{"name":"(anonymous_2)","decl":{"start":{"line":10,"column":4},"end":{"line":10,"column":5}},"loc":{"start":{"line":10,"column":24},"end":{"line":12,"column":5}},"line":10},"3":{"name":"(anonymous_3)","decl":{"start":{"line":13,"column":4},"end":{"line":13,"column":5}},"loc":{"start":{"line":13,"column":25},"end":{"line":15,"column":5}},"line":13},"4":{"name":"(anonymous_4)","decl":{"start":{"line":16,"column":4},"end":{"line":16,"column":5}},"loc":{"start":{"line":16,"column":24},"end":{"line":18,"column":5}},"line":16}},"branchMap":{},"s":{"0":1,"1":4,"2":4,"3":0,"4":0,"5":0,"6":1},"f":{"0":4,"1":4,"2":0,"3":0,"4":0},"b":{},"_coverageSchema":"332fd63041d2c1bcb487cc26dd0d5f7d97098a6c","hash":"28d547b28ec99a7a640567deab5b963062db7347","contentHash":"26cc11adf35a6cc51e57252894308d0a_11.3.0"},"/Users/yujiapei/WebstormProjects/project_team055/src/controller/InsightFacade.js":{"path":"/Users/yujiapei/WebstormProjects/project_team055/src/controller/InsightFacade.js","statementMap":{"0":{"start":{"line":2,"column":16},"end":{"line":9,"column":1}},"1":{"start":{"line":3,"column":4},"end":{"line":8,"column":7}},"2":{"start":{"line":4,"column":36},"end":{"line":4,"column":97}},"3":{"start":{"line":4,"column":42},"end":{"line":4,"column":70}},"4":{"start":{"line":4,"column":85},"end":{"line":4,"column":95}},"5":{"start":{"line":5,"column":35},"end":{"line":5,"column":100}},"6":{"start":{"line":5,"column":41},"end":{"line":5,"column":73}},"7":{"start":{"line":5,"column":88},"end":{"line":5,"column":98}},"8":{"start":{"line":6,"column":32},"end":{"line":6,"column":149}},"9":{"start":{"line":6,"column":97},"end":{"line":6,"column":119}},"10":{"start":{"line":7,"column":8},"end":{"line":7,"column":78}},"11":{"start":{"line":10,"column":0},"end":{"line":10,"column":62}},"12":{"start":{"line":11,"column":25},"end":{"line":11,"column":52}},"13":{"start":{"line":12,"column":18},"end":{"line":12,"column":38}},"14":{"start":{"line":13,"column":24},"end":{"line":13,"column":50}},"15":{"start":{"line":14,"column":14},"end":{"line":14,"column":30}},"16":{"start":{"line":15,"column":11},"end":{"line":15,"column":24}},"17":{"start":{"line":16,"column":21},"end":{"line":16,"column":44}},"18":{"start":{"line":17,"column":21},"end":{"line":17,"column":44}},"19":{"start":{"line":18,"column":28},"end":{"line":18,"column":58}},"20":{"start":{"line":21,"column":8},"end":{"line":21,"column":38}},"21":{"start":{"line":22,"column":8},"end":{"line":22,"column":26}},"22":{"start":{"line":23,"column":8},"end":{"line":23,"column":30}},"23":{"start":{"line":24,"column":8},"end":{"line":24,"column":53}},"24":{"start":{"line":27,"column":21},"end":{"line":27,"column":40}},"25":{"start":{"line":28,"column":20},"end":{"line":28,"column":24}},"26":{"start":{"line":29,"column":8},"end":{"line":63,"column":11}},"27":{"start":{"line":30,"column":12},"end":{"line":62,"column":13}},"28":{"start":{"line":31,"column":16},"end":{"line":58,"column":17}},"29":{"start":{"line":32,"column":20},"end":{"line":54,"column":21}},"30":{"start":{"line":33,"column":24},"end":{"line":50,"column":25}},"31":{"start":{"line":34,"column":28},"end":{"line":38,"column":31}},"32":{"start":{"line":35,"column":32},"end":{"line":35,"column":55}},"33":{"start":{"line":37,"column":32},"end":{"line":37,"column":118}},"34":{"start":{"line":40,"column":29},"end":{"line":50,"column":25}},"35":{"start":{"line":41,"column":28},"end":{"line":46,"column":31}},"36":{"start":{"line":43,"column":32},"end":{"line":43,"column":56}},"37":{"start":{"line":45,"column":32},"end":{"line":45,"column":118}},"38":{"start":{"line":49,"column":28},"end":{"line":49,"column":114}},"39":{"start":{"line":53,"column":24},"end":{"line":53,"column":110}},"40":{"start":{"line":57,"column":20},"end":{"line":57,"column":106}},"41":{"start":{"line":61,"column":16},"end":{"line":61,"column":102}},"42":{"start":{"line":66,"column":20},"end":{"line":66,"column":31}},"43":{"start":{"line":67,"column":27},"end":{"line":67,"column":29}},"44":{"start":{"line":68,"column":21},"end":{"line":68,"column":94}},"45":{"start":{"line":69,"column":23},"end":{"line":69,"column":25}},"46":{"start":{"line":70,"column":20},"end":{"line":70,"column":24}},"47":{"start":{"line":71,"column":8},"end":{"line":100,"column":11}},"48":{"start":{"line":72,"column":12},"end":{"line":99,"column":15}},"49":{"start":{"line":73,"column":16},"end":{"line":96,"column":17}},"50":{"start":{"line":74,"column":20},"end":{"line":76,"column":23}},"51":{"start":{"line":75,"column":24},"end":{"line":75,"column":58}},"52":{"start":{"line":77,"column":20},"end":{"line":92,"column":23}},"53":{"start":{"line":77,"column":60},"end":{"line":90,"column":22}},"54":{"start":{"line":78,"column":24},"end":{"line":89,"column":25}},"55":{"start":{"line":79,"column":28},"end":{"line":81,"column":29}},"56":{"start":{"line":80,"column":32},"end":{"line":80,"column":107}},"57":{"start":{"line":82,"column":28},"end":{"line":84,"column":31}},"58":{"start":{"line":83,"column":32},"end":{"line":83,"column":99}},"59":{"start":{"line":85,"column":28},"end":{"line":85,"column":62}},"60":{"start":{"line":88,"column":28},"end":{"line":88,"column":95}},"61":{"start":{"line":91,"column":24},"end":{"line":91,"column":94}},"62":{"start":{"line":95,"column":20},"end":{"line":95,"column":106}},"63":{"start":{"line":98,"column":16},"end":{"line":98,"column":90}},"64":{"start":{"line":103,"column":8},"end":{"line":103,"column":41}},"65":{"start":{"line":106,"column":8},"end":{"line":111,"column":9}},"66":{"start":{"line":107,"column":12},"end":{"line":107,"column":26}},"67":{"start":{"line":110,"column":12},"end":{"line":110,"column":25}},"68":{"start":{"line":112,"column":8},"end":{"line":112,"column":20}},"69":{"start":{"line":115,"column":8},"end":{"line":127,"column":9}},"70":{"start":{"line":116,"column":22},"end":{"line":116,"column":24}},"71":{"start":{"line":117,"column":12},"end":{"line":122,"column":13}},"72":{"start":{"line":118,"column":16},"end":{"line":118,"column":25}},"73":{"start":{"line":121,"column":16},"end":{"line":121,"column":36}},"74":{"start":{"line":123,"column":12},"end":{"line":123,"column":81}},"75":{"start":{"line":124,"column":12},"end":{"line":124,"column":27}},"76":{"start":{"line":125,"column":12},"end":{"line":125,"column":31}},"77":{"start":{"line":126,"column":12},"end":{"line":126,"column":49}},"78":{"start":{"line":128,"column":8},"end":{"line":145,"column":9}},"79":{"start":{"line":129,"column":12},"end":{"line":129,"column":38}},"80":{"start":{"line":130,"column":12},"end":{"line":130,"column":38}},"81":{"start":{"line":131,"column":12},"end":{"line":137,"column":13}},"82":{"start":{"line":132,"column":16},"end":{"line":136,"column":17}},"83":{"start":{"line":135,"column":20},"end":{"line":135,"column":33}},"84":{"start":{"line":138,"column":12},"end":{"line":140,"column":13}},"85":{"start":{"line":139,"column":16},"end":{"line":139,"column":39}},"86":{"start":{"line":141,"column":12},"end":{"line":141,"column":24}},"87":{"start":{"line":144,"column":12},"end":{"line":144,"column":25}},"88":{"start":{"line":148,"column":21},"end":{"line":148,"column":40}},"89":{"start":{"line":149,"column":20},"end":{"line":149,"column":24}},"90":{"start":{"line":150,"column":8},"end":{"line":173,"column":11}},"91":{"start":{"line":151,"column":12},"end":{"line":172,"column":13}},"92":{"start":{"line":152,"column":16},"end":{"line":168,"column":17}},"93":{"start":{"line":153,"column":20},"end":{"line":164,"column":21}},"94":{"start":{"line":154,"column":24},"end":{"line":154,"column":67}},"95":{"start":{"line":155,"column":24},"end":{"line":159,"column":27}},"96":{"start":{"line":156,"column":28},"end":{"line":158,"column":29}},"97":{"start":{"line":157,"column":32},"end":{"line":157,"column":118}},"98":{"start":{"line":160,"column":24},"end":{"line":160,"column":43}},"99":{"start":{"line":163,"column":24},"end":{"line":163,"column":111}},"100":{"start":{"line":167,"column":20},"end":{"line":167,"column":106}},"101":{"start":{"line":171,"column":16},"end":{"line":171,"column":102}},"102":{"start":{"line":176,"column":16},"end":{"line":176,"column":17}},"103":{"start":{"line":177,"column":8},"end":{"line":185,"column":9}},"104":{"start":{"line":178,"column":12},"end":{"line":184,"column":13}},"105":{"start":{"line":179,"column":16},"end":{"line":179,"column":42}},"106":{"start":{"line":180,"column":16},"end":{"line":180,"column":22}},"107":{"start":{"line":183,"column":16},"end":{"line":183,"column":20}},"108":{"start":{"line":188,"column":20},"end":{"line":188,"column":24}},"109":{"start":{"line":189,"column":18},"end":{"line":189,"column":20}},"110":{"start":{"line":190,"column":8},"end":{"line":215,"column":11}},"111":{"start":{"line":191,"column":12},"end":{"line":214,"column":13}},"112":{"start":{"line":192,"column":16},"end":{"line":210,"column":17}},"113":{"start":{"line":193,"column":20},"end":{"line":206,"column":21}},"114":{"start":{"line":194,"column":39},"end":{"line":194,"column":53}},"115":{"start":{"line":195,"column":40},"end":{"line":195,"column":56}},"116":{"start":{"line":196,"column":24},"end":{"line":196,"column":78}},"117":{"start":{"line":197,"column":24},"end":{"line":202,"column":25}},"118":{"start":{"line":198,"column":28},"end":{"line":198,"column":97}},"119":{"start":{"line":201,"column":28},"end":{"line":201,"column":48}},"120":{"start":{"line":205,"column":24},"end":{"line":205,"column":89}},"121":{"start":{"line":209,"column":20},"end":{"line":209,"column":85}},"122":{"start":{"line":213,"column":16},"end":{"line":213,"column":93}},"123":{"start":{"line":218,"column":8},"end":{"line":220,"column":9}},"124":{"start":{"line":219,"column":12},"end":{"line":219,"column":25}},"125":{"start":{"line":221,"column":8},"end":{"line":228,"column":9}},"126":{"start":{"line":222,"column":12},"end":{"line":222,"column":32}},"127":{"start":{"line":225,"column":12},"end":{"line":227,"column":13}},"128":{"start":{"line":226,"column":16},"end":{"line":226,"column":36}},"129":{"start":{"line":231,"column":8},"end":{"line":233,"column":9}},"130":{"start":{"line":232,"column":12},"end":{"line":232,"column":25}},"131":{"start":{"line":234,"column":23},"end":{"line":234,"column":47}},"132":{"start":{"line":235,"column":30},"end":{"line":235,"column":53}},"133":{"start":{"line":236,"column":8},"end":{"line":240,"column":9}},"134":{"start":{"line":237,"column":12},"end":{"line":239,"column":13}},"135":{"start":{"line":238,"column":16},"end":{"line":238,"column":29}},"136":{"start":{"line":241,"column":29},"end":{"line":241,"column":55}},"137":{"start":{"line":242,"column":18},"end":{"line":242,"column":42}},"138":{"start":{"line":243,"column":8},"end":{"line":245,"column":9}},"139":{"start":{"line":244,"column":12},"end":{"line":244,"column":70}},"140":{"start":{"line":246,"column":8},"end":{"line":248,"column":9}},"141":{"start":{"line":247,"column":12},"end":{"line":247,"column":67}},"142":{"start":{"line":249,"column":8},"end":{"line":256,"column":9}},"143":{"start":{"line":250,"column":12},"end":{"line":254,"column":13}},"144":{"start":{"line":251,"column":16},"end":{"line":253,"column":17}},"145":{"start":{"line":252,"column":20},"end":{"line":252,"column":32}},"146":{"start":{"line":255,"column":12},"end":{"line":255,"column":25}},"147":{"start":{"line":257,"column":8},"end":{"line":267,"column":9}},"148":{"start":{"line":258,"column":12},"end":{"line":265,"column":13}},"149":{"start":{"line":259,"column":16},"end":{"line":261,"column":17}},"150":{"start":{"line":260,"column":20},"end":{"line":260,"column":33}},"151":{"start":{"line":262,"column":16},"end":{"line":264,"column":17}},"152":{"start":{"line":263,"column":20},"end":{"line":263,"column":33}},"153":{"start":{"line":266,"column":12},"end":{"line":266,"column":24}},"154":{"start":{"line":270,"column":17},"end":{"line":270,"column":19}},"155":{"start":{"line":271,"column":8},"end":{"line":276,"column":9}},"156":{"start":{"line":272,"column":12},"end":{"line":272,"column":68}},"157":{"start":{"line":275,"column":12},"end":{"line":275,"column":62}},"158":{"start":{"line":277,"column":8},"end":{"line":277,"column":90}},"159":{"start":{"line":278,"column":22},"end":{"line":278,"column":47}},"160":{"start":{"line":279,"column":8},"end":{"line":284,"column":9}},"161":{"start":{"line":280,"column":12},"end":{"line":280,"column":103}},"162":{"start":{"line":283,"column":12},"end":{"line":283,"column":106}},"163":{"start":{"line":287,"column":20},"end":{"line":287,"column":24}},"164":{"start":{"line":288,"column":8},"end":{"line":290,"column":11}},"165":{"start":{"line":289,"column":12},"end":{"line":289,"column":42}},"166":{"start":{"line":293,"column":0},"end":{"line":293,"column":32}}},"fnMap":{"0":{"name":"(anonymous_0)","decl":{"start":{"line":2,"column":44},"end":{"line":2,"column":45}},"loc":{"start":{"line":2,"column":89},"end":{"line":9,"column":1}},"line":2},"1":{"name":"(anonymous_1)","decl":{"start":{"line":3,"column":36},"end":{"line":3,"column":37}},"loc":{"start":{"line":3,"column":63},"end":{"line":8,"column":5}},"line":3},"2":{"name":"fulfilled","decl":{"start":{"line":4,"column":17},"end":{"line":4,"column":26}},"loc":{"start":{"line":4,"column":34},"end":{"line":4,"column":99}},"line":4},"3":{"name":"rejected","decl":{"start":{"line":5,"column":17},"end":{"line":5,"column":25}},"loc":{"start":{"line":5,"column":33},"end":{"line":5,"column":102}},"line":5},"4":{"name":"step","decl":{"start":{"line":6,"column":17},"end":{"line":6,"column":21}},"loc":{"start":{"line":6,"column":30},"end":{"line":6,"column":151}},"line":6},"5":{"name":"(anonymous_5)","decl":{"start":{"line":6,"column":76},"end":{"line":6,"column":77}},"loc":{"start":{"line":6,"column":95},"end":{"line":6,"column":121}},"line":6},"6":{"name":"(anonymous_6)","decl":{"start":{"line":20,"column":4},"end":{"line":20,"column":5}},"loc":{"start":{"line":20,"column":18},"end":{"line":25,"column":5}},"line":20},"7":{"name":"(anonymous_7)","decl":{"start":{"line":26,"column":4},"end":{"line":26,"column":5}},"loc":{"start":{"line":26,"column":34},"end":{"line":64,"column":5}},"line":26},"8":{"name":"(anonymous_8)","decl":{"start":{"line":29,"column":27},"end":{"line":29,"column":28}},"loc":{"start":{"line":29,"column":54},"end":{"line":63,"column":9}},"line":29},"9":{"name":"(anonymous_9)","decl":{"start":{"line":34,"column":68},"end":{"line":34,"column":69}},"loc":{"start":{"line":34,"column":80},"end":{"line":36,"column":29}},"line":34},"10":{"name":"(anonymous_10)","decl":{"start":{"line":36,"column":37},"end":{"line":36,"column":38}},"loc":{"start":{"line":36,"column":46},"end":{"line":38,"column":29}},"line":36},"11":{"name":"(anonymous_11)","decl":{"start":{"line":42,"column":38},"end":{"line":42,"column":39}},"loc":{"start":{"line":42,"column":51},"end":{"line":44,"column":29}},"line":42},"12":{"name":"(anonymous_12)","decl":{"start":{"line":44,"column":37},"end":{"line":44,"column":38}},"loc":{"start":{"line":44,"column":46},"end":{"line":46,"column":29}},"line":44},"13":{"name":"(anonymous_13)","decl":{"start":{"line":65,"column":4},"end":{"line":65,"column":5}},"loc":{"start":{"line":65,"column":33},"end":{"line":101,"column":5}},"line":65},"14":{"name":"(anonymous_14)","decl":{"start":{"line":71,"column":27},"end":{"line":71,"column":28}},"loc":{"start":{"line":71,"column":54},"end":{"line":100,"column":9}},"line":71},"15":{"name":"(anonymous_15)","decl":{"start":{"line":72,"column":60},"end":{"line":72,"column":61}},"loc":{"start":{"line":72,"column":72},"end":{"line":97,"column":13}},"line":72},"16":{"name":"(anonymous_16)","decl":{"start":{"line":74,"column":53},"end":{"line":74,"column":54}},"loc":{"start":{"line":74,"column":83},"end":{"line":76,"column":21}},"line":74},"17":{"name":"(anonymous_17)","decl":{"start":{"line":77,"column":47},"end":{"line":77,"column":48}},"loc":{"start":{"line":77,"column":60},"end":{"line":90,"column":22}},"line":77},"18":{"name":"(anonymous_18)","decl":{"start":{"line":77,"column":92},"end":{"line":77,"column":93}},"loc":{"start":{"line":77,"column":105},"end":{"line":90,"column":21}},"line":77},"19":{"name":"(anonymous_19)","decl":{"start":{"line":82,"column":103},"end":{"line":82,"column":104}},"loc":{"start":{"line":82,"column":118},"end":{"line":84,"column":29}},"line":82},"20":{"name":"(anonymous_20)","decl":{"start":{"line":90,"column":30},"end":{"line":90,"column":31}},"loc":{"start":{"line":90,"column":39},"end":{"line":92,"column":21}},"line":90},"21":{"name":"(anonymous_21)","decl":{"start":{"line":97,"column":21},"end":{"line":97,"column":22}},"loc":{"start":{"line":97,"column":30},"end":{"line":99,"column":13}},"line":97},"22":{"name":"(anonymous_22)","decl":{"start":{"line":102,"column":4},"end":{"line":102,"column":5}},"loc":{"start":{"line":102,"column":41},"end":{"line":104,"column":5}},"line":102},"23":{"name":"(anonymous_23)","decl":{"start":{"line":105,"column":4},"end":{"line":105,"column":5}},"loc":{"start":{"line":105,"column":19},"end":{"line":113,"column":5}},"line":105},"24":{"name":"(anonymous_24)","decl":{"start":{"line":114,"column":4},"end":{"line":114,"column":5}},"loc":{"start":{"line":114,"column":59},"end":{"line":146,"column":5}},"line":114},"25":{"name":"(anonymous_25)","decl":{"start":{"line":147,"column":4},"end":{"line":147,"column":5}},"loc":{"start":{"line":147,"column":22},"end":{"line":174,"column":5}},"line":147},"26":{"name":"(anonymous_26)","decl":{"start":{"line":150,"column":27},"end":{"line":150,"column":28}},"loc":{"start":{"line":150,"column":48},"end":{"line":173,"column":9}},"line":150},"27":{"name":"(anonymous_27)","decl":{"start":{"line":155,"column":60},"end":{"line":155,"column":61}},"loc":{"start":{"line":155,"column":69},"end":{"line":159,"column":25}},"line":155},"28":{"name":"(anonymous_28)","decl":{"start":{"line":175,"column":4},"end":{"line":175,"column":5}},"loc":{"start":{"line":175,"column":35},"end":{"line":186,"column":5}},"line":175},"29":{"name":"(anonymous_29)","decl":{"start":{"line":187,"column":4},"end":{"line":187,"column":5}},"loc":{"start":{"line":187,"column":24},"end":{"line":216,"column":5}},"line":187},"30":{"name":"(anonymous_30)","decl":{"start":{"line":190,"column":27},"end":{"line":190,"column":28}},"loc":{"start":{"line":190,"column":54},"end":{"line":215,"column":9}},"line":190},"31":{"name":"(anonymous_31)","decl":{"start":{"line":217,"column":4},"end":{"line":217,"column":5}},"loc":{"start":{"line":217,"column":62},"end":{"line":229,"column":5}},"line":217},"32":{"name":"(anonymous_32)","decl":{"start":{"line":230,"column":4},"end":{"line":230,"column":5}},"loc":{"start":{"line":230,"column":40},"end":{"line":268,"column":5}},"line":230},"33":{"name":"(anonymous_33)","decl":{"start":{"line":269,"column":4},"end":{"line":269,"column":5}},"loc":{"start":{"line":269,"column":46},"end":{"line":285,"column":5}},"line":269},"34":{"name":"(anonymous_34)","decl":{"start":{"line":286,"column":4},"end":{"line":286,"column":5}},"loc":{"start":{"line":286,"column":19},"end":{"line":291,"column":5}},"line":286},"35":{"name":"(anonymous_35)","decl":{"start":{"line":288,"column":27},"end":{"line":288,"column":28}},"loc":{"start":{"line":288,"column":46},"end":{"line":290,"column":9}},"line":288}},"branchMap":{"0":{"loc":{"start":{"line":2,"column":16},"end":{"line":9,"column":1}},"type":"binary-expr","locations":[{"start":{"line":2,"column":17},"end":{"line":2,"column":21}},{"start":{"line":2,"column":25},"end":{"line":2,"column":39}},{"start":{"line":2,"column":44},"end":{"line":9,"column":1}}],"line":2},"1":{"loc":{"start":{"line":3,"column":16},"end":{"line":3,"column":34}},"type":"binary-expr","locations":[{"start":{"line":3,"column":16},"end":{"line":3,"column":17}},{"start":{"line":3,"column":22},"end":{"line":3,"column":33}}],"line":3},"2":{"loc":{"start":{"line":6,"column":32},"end":{"line":6,"column":148}},"type":"cond-expr","locations":[{"start":{"line":6,"column":46},"end":{"line":6,"column":67}},{"start":{"line":6,"column":70},"end":{"line":6,"column":148}}],"line":6},"3":{"loc":{"start":{"line":7,"column":51},"end":{"line":7,"column":67}},"type":"binary-expr","locations":[{"start":{"line":7,"column":51},"end":{"line":7,"column":61}},{"start":{"line":7,"column":65},"end":{"line":7,"column":67}}],"line":7},"4":{"loc":{"start":{"line":30,"column":12},"end":{"line":62,"column":13}},"type":"if","locations":[{"start":{"line":30,"column":12},"end":{"line":62,"column":13}},{"start":{"line":30,"column":12},"end":{"line":62,"column":13}}],"line":30},"5":{"loc":{"start":{"line":30,"column":16},"end":{"line":30,"column":47}},"type":"binary-expr","locations":[{"start":{"line":30,"column":16},"end":{"line":30,"column":27}},{"start":{"line":30,"column":31},"end":{"line":30,"column":47}}],"line":30},"6":{"loc":{"start":{"line":31,"column":16},"end":{"line":58,"column":17}},"type":"if","locations":[{"start":{"line":31,"column":16},"end":{"line":58,"column":17}},{"start":{"line":31,"column":16},"end":{"line":58,"column":17}}],"line":31},"7":{"loc":{"start":{"line":31,"column":20},"end":{"line":31,"column":74}},"type":"binary-expr","locations":[{"start":{"line":31,"column":20},"end":{"line":31,"column":36}},{"start":{"line":31,"column":40},"end":{"line":31,"column":74}}],"line":31},"8":{"loc":{"start":{"line":32,"column":20},"end":{"line":54,"column":21}},"type":"if","locations":[{"start":{"line":32,"column":20},"end":{"line":54,"column":21}},{"start":{"line":32,"column":20},"end":{"line":54,"column":21}}],"line":32},"9":{"loc":{"start":{"line":33,"column":24},"end":{"line":50,"column":25}},"type":"if","locations":[{"start":{"line":33,"column":24},"end":{"line":50,"column":25}},{"start":{"line":33,"column":24},"end":{"line":50,"column":25}}],"line":33},"10":{"loc":{"start":{"line":40,"column":29},"end":{"line":50,"column":25}},"type":"if","locations":[{"start":{"line":40,"column":29},"end":{"line":50,"column":25}},{"start":{"line":40,"column":29},"end":{"line":50,"column":25}}],"line":40},"11":{"loc":{"start":{"line":73,"column":16},"end":{"line":96,"column":17}},"type":"if","locations":[{"start":{"line":73,"column":16},"end":{"line":96,"column":17}},{"start":{"line":73,"column":16},"end":{"line":96,"column":17}}],"line":73},"12":{"loc":{"start":{"line":78,"column":24},"end":{"line":89,"column":25}},"type":"if","locations":[{"start":{"line":78,"column":24},"end":{"line":89,"column":25}},{"start":{"line":78,"column":24},"end":{"line":89,"column":25}}],"line":78},"13":{"loc":{"start":{"line":79,"column":28},"end":{"line":81,"column":29}},"type":"if","locations":[{"start":{"line":79,"column":28},"end":{"line":81,"column":29}},{"start":{"line":79,"column":28},"end":{"line":81,"column":29}}],"line":79},"14":{"loc":{"start":{"line":117,"column":12},"end":{"line":122,"column":13}},"type":"if","locations":[{"start":{"line":117,"column":12},"end":{"line":122,"column":13}},{"start":{"line":117,"column":12},"end":{"line":122,"column":13}}],"line":117},"15":{"loc":{"start":{"line":128,"column":8},"end":{"line":145,"column":9}},"type":"if","locations":[{"start":{"line":128,"column":8},"end":{"line":145,"column":9}},{"start":{"line":128,"column":8},"end":{"line":145,"column":9}}],"line":128},"16":{"loc":{"start":{"line":132,"column":16},"end":{"line":136,"column":17}},"type":"if","locations":[{"start":{"line":132,"column":16},"end":{"line":136,"column":17}},{"start":{"line":132,"column":16},"end":{"line":136,"column":17}}],"line":132},"17":{"loc":{"start":{"line":132,"column":20},"end":{"line":134,"column":67}},"type":"binary-expr","locations":[{"start":{"line":132,"column":20},"end":{"line":132,"column":41}},{"start":{"line":132,"column":45},"end":{"line":132,"column":65}},{"start":{"line":132,"column":69},"end":{"line":132,"column":87}},{"start":{"line":132,"column":91},"end":{"line":132,"column":112}},{"start":{"line":133,"column":23},"end":{"line":133,"column":42}},{"start":{"line":133,"column":46},"end":{"line":133,"column":72}},{"start":{"line":133,"column":76},"end":{"line":133,"column":96}},{"start":{"line":133,"column":100},"end":{"line":133,"column":120}},{"start":{"line":134,"column":23},"end":{"line":134,"column":43}},{"start":{"line":134,"column":47},"end":{"line":134,"column":67}}],"line":132},"18":{"loc":{"start":{"line":138,"column":12},"end":{"line":140,"column":13}},"type":"if","locations":[{"start":{"line":138,"column":12},"end":{"line":140,"column":13}},{"start":{"line":138,"column":12},"end":{"line":140,"column":13}}],"line":138},"19":{"loc":{"start":{"line":151,"column":12},"end":{"line":172,"column":13}},"type":"if","locations":[{"start":{"line":151,"column":12},"end":{"line":172,"column":13}},{"start":{"line":151,"column":12},"end":{"line":172,"column":13}}],"line":151},"20":{"loc":{"start":{"line":151,"column":16},"end":{"line":151,"column":47}},"type":"binary-expr","locations":[{"start":{"line":151,"column":16},"end":{"line":151,"column":27}},{"start":{"line":151,"column":31},"end":{"line":151,"column":47}}],"line":151},"21":{"loc":{"start":{"line":152,"column":16},"end":{"line":168,"column":17}},"type":"if","locations":[{"start":{"line":152,"column":16},"end":{"line":168,"column":17}},{"start":{"line":152,"column":16},"end":{"line":168,"column":17}}],"line":152},"22":{"loc":{"start":{"line":152,"column":20},"end":{"line":152,"column":74}},"type":"binary-expr","locations":[{"start":{"line":152,"column":20},"end":{"line":152,"column":36}},{"start":{"line":152,"column":40},"end":{"line":152,"column":74}}],"line":152},"23":{"loc":{"start":{"line":153,"column":20},"end":{"line":164,"column":21}},"type":"if","locations":[{"start":{"line":153,"column":20},"end":{"line":164,"column":21}},{"start":{"line":153,"column":20},"end":{"line":164,"column":21}}],"line":153},"24":{"loc":{"start":{"line":156,"column":28},"end":{"line":158,"column":29}},"type":"if","locations":[{"start":{"line":156,"column":28},"end":{"line":158,"column":29}},{"start":{"line":156,"column":28},"end":{"line":158,"column":29}}],"line":156},"25":{"loc":{"start":{"line":178,"column":12},"end":{"line":184,"column":13}},"type":"if","locations":[{"start":{"line":178,"column":12},"end":{"line":184,"column":13}},{"start":{"line":178,"column":12},"end":{"line":184,"column":13}}],"line":178},"26":{"loc":{"start":{"line":191,"column":12},"end":{"line":214,"column":13}},"type":"if","locations":[{"start":{"line":191,"column":12},"end":{"line":214,"column":13}},{"start":{"line":191,"column":12},"end":{"line":214,"column":13}}],"line":191},"27":{"loc":{"start":{"line":191,"column":16},"end":{"line":191,"column":53}},"type":"binary-expr","locations":[{"start":{"line":191,"column":16},"end":{"line":191,"column":30}},{"start":{"line":191,"column":34},"end":{"line":191,"column":53}}],"line":191},"28":{"loc":{"start":{"line":192,"column":16},"end":{"line":210,"column":17}},"type":"if","locations":[{"start":{"line":192,"column":16},"end":{"line":210,"column":17}},{"start":{"line":192,"column":16},"end":{"line":210,"column":17}}],"line":192},"29":{"loc":{"start":{"line":193,"column":20},"end":{"line":206,"column":21}},"type":"if","locations":[{"start":{"line":193,"column":20},"end":{"line":206,"column":21}},{"start":{"line":193,"column":20},"end":{"line":206,"column":21}}],"line":193},"30":{"loc":{"start":{"line":197,"column":24},"end":{"line":202,"column":25}},"type":"if","locations":[{"start":{"line":197,"column":24},"end":{"line":202,"column":25}},{"start":{"line":197,"column":24},"end":{"line":202,"column":25}}],"line":197},"31":{"loc":{"start":{"line":218,"column":8},"end":{"line":220,"column":9}},"type":"if","locations":[{"start":{"line":218,"column":8},"end":{"line":220,"column":9}},{"start":{"line":218,"column":8},"end":{"line":220,"column":9}}],"line":218},"32":{"loc":{"start":{"line":218,"column":12},"end":{"line":218,"column":55}},"type":"binary-expr","locations":[{"start":{"line":218,"column":12},"end":{"line":218,"column":29}},{"start":{"line":218,"column":33},"end":{"line":218,"column":55}}],"line":218},"33":{"loc":{"start":{"line":221,"column":8},"end":{"line":228,"column":9}},"type":"if","locations":[{"start":{"line":221,"column":8},"end":{"line":228,"column":9}},{"start":{"line":221,"column":8},"end":{"line":228,"column":9}}],"line":221},"34":{"loc":{"start":{"line":221,"column":12},"end":{"line":221,"column":85}},"type":"binary-expr","locations":[{"start":{"line":221,"column":12},"end":{"line":221,"column":46}},{"start":{"line":221,"column":50},"end":{"line":221,"column":85}}],"line":221},"35":{"loc":{"start":{"line":225,"column":12},"end":{"line":227,"column":13}},"type":"if","locations":[{"start":{"line":225,"column":12},"end":{"line":227,"column":13}},{"start":{"line":225,"column":12},"end":{"line":227,"column":13}}],"line":225},"36":{"loc":{"start":{"line":231,"column":8},"end":{"line":233,"column":9}},"type":"if","locations":[{"start":{"line":231,"column":8},"end":{"line":233,"column":9}},{"start":{"line":231,"column":8},"end":{"line":233,"column":9}}],"line":231},"37":{"loc":{"start":{"line":231,"column":12},"end":{"line":231,"column":55}},"type":"binary-expr","locations":[{"start":{"line":231,"column":12},"end":{"line":231,"column":29}},{"start":{"line":231,"column":33},"end":{"line":231,"column":55}}],"line":231},"38":{"loc":{"start":{"line":237,"column":12},"end":{"line":239,"column":13}},"type":"if","locations":[{"start":{"line":237,"column":12},"end":{"line":239,"column":13}},{"start":{"line":237,"column":12},"end":{"line":239,"column":13}}],"line":237},"39":{"loc":{"start":{"line":237,"column":16},"end":{"line":237,"column":67}},"type":"binary-expr","locations":[{"start":{"line":237,"column":16},"end":{"line":237,"column":37}},{"start":{"line":237,"column":41},"end":{"line":237,"column":67}}],"line":237},"40":{"loc":{"start":{"line":243,"column":8},"end":{"line":245,"column":9}},"type":"if","locations":[{"start":{"line":243,"column":8},"end":{"line":245,"column":9}},{"start":{"line":243,"column":8},"end":{"line":245,"column":9}}],"line":243},"41":{"loc":{"start":{"line":246,"column":8},"end":{"line":248,"column":9}},"type":"if","locations":[{"start":{"line":246,"column":8},"end":{"line":248,"column":9}},{"start":{"line":246,"column":8},"end":{"line":248,"column":9}}],"line":246},"42":{"loc":{"start":{"line":249,"column":8},"end":{"line":256,"column":9}},"type":"if","locations":[{"start":{"line":249,"column":8},"end":{"line":256,"column":9}},{"start":{"line":249,"column":8},"end":{"line":256,"column":9}}],"line":249},"43":{"loc":{"start":{"line":251,"column":16},"end":{"line":253,"column":17}},"type":"if","locations":[{"start":{"line":251,"column":16},"end":{"line":253,"column":17}},{"start":{"line":251,"column":16},"end":{"line":253,"column":17}}],"line":251},"44":{"loc":{"start":{"line":257,"column":8},"end":{"line":267,"column":9}},"type":"if","locations":[{"start":{"line":257,"column":8},"end":{"line":267,"column":9}},{"start":{"line":257,"column":8},"end":{"line":267,"column":9}}],"line":257},"45":{"loc":{"start":{"line":259,"column":16},"end":{"line":261,"column":17}},"type":"if","locations":[{"start":{"line":259,"column":16},"end":{"line":261,"column":17}},{"start":{"line":259,"column":16},"end":{"line":261,"column":17}}],"line":259},"46":{"loc":{"start":{"line":259,"column":20},"end":{"line":259,"column":53}},"type":"binary-expr","locations":[{"start":{"line":259,"column":20},"end":{"line":259,"column":32}},{"start":{"line":259,"column":36},"end":{"line":259,"column":53}}],"line":259},"47":{"loc":{"start":{"line":262,"column":16},"end":{"line":264,"column":17}},"type":"if","locations":[{"start":{"line":262,"column":16},"end":{"line":264,"column":17}},{"start":{"line":262,"column":16},"end":{"line":264,"column":17}}],"line":262},"48":{"loc":{"start":{"line":271,"column":8},"end":{"line":276,"column":9}},"type":"if","locations":[{"start":{"line":271,"column":8},"end":{"line":276,"column":9}},{"start":{"line":271,"column":8},"end":{"line":276,"column":9}}],"line":271},"49":{"loc":{"start":{"line":279,"column":8},"end":{"line":284,"column":9}},"type":"if","locations":[{"start":{"line":279,"column":8},"end":{"line":284,"column":9}},{"start":{"line":279,"column":8},"end":{"line":284,"column":9}}],"line":279}},"s":{"0":1,"1":0,"2":0,"3":0,"4":0,"5":0,"6":0,"7":0,"8":0,"9":0,"10":0,"11":1,"12":1,"13":1,"14":1,"15":1,"16":1,"17":1,"18":1,"19":1,"20":2,"21":2,"22":2,"23":2,"24":0,"25":0,"26":0,"27":0,"28":0,"29":0,"30":0,"31":0,"32":0,"33":0,"34":0,"35":0,"36":0,"37":0,"38":0,"39":0,"40":0,"41":0,"42":0,"43":0,"44":0,"45":0,"46":0,"47":0,"48":0,"49":0,"50":0,"51":0,"52":0,"53":0,"54":0,"55":0,"56":0,"57":0,"58":0,"59":0,"60":0,"61":0,"62":0,"63":0,"64":0,"65":0,"66":0,"67":0,"68":0,"69":0,"70":0,"71":0,"72":0,"73":0,"74":0,"75":0,"76":0,"77":0,"78":0,"79":0,"80":0,"81":0,"82":0,"83":0,"84":0,"85":0,"86":0,"87":0,"88":0,"89":0,"90":0,"91":0,"92":0,"93":0,"94":0,"95":0,"96":0,"97":0,"98":0,"99":0,"100":0,"101":0,"102":0,"103":0,"104":0,"105":0,"106":0,"107":0,"108":0,"109":0,"110":0,"111":0,"112":0,"113":0,"114":0,"115":0,"116":0,"117":0,"118":0,"119":0,"120":0,"121":0,"122":0,"123":0,"124":0,"125":0,"126":0,"127":0,"128":0,"129":0,"130":0,"131":0,"132":0,"133":0,"134":0,"135":0,"136":0,"137":0,"138":0,"139":0,"140":0,"141":0,"142":0,"143":0,"144":0,"145":0,"146":0,"147":0,"148":0,"149":0,"150":0,"151":0,"152":0,"153":0,"154":0,"155":0,"156":0,"157":0,"158":0,"159":0,"160":0,"161":0,"162":0,"163":0,"164":0,"165":0,"166":1},"f":{"0":0,"1":0,"2":0,"3":0,"4":0,"5":0,"6":2,"7":0,"8":0,"9":0,"10":0,"11":0,"12":0,"13":0,"14":0,"15":0,"16":0,"17":0,"18":0,"19":0,"20":0,"21":0,"22":0,"23":0,"24":0,"25":0,"26":0,"27":0,"28":0,"29":0,"30":0,"31":0,"32":0,"33":0,"34":0,"35":0},"b":{"0":[1,1,1],"1":[0,0],"2":[0,0],"3":[0,0],"4":[0,0],"5":[0,0],"6":[0,0],"7":[0,0],"8":[0,0],"9":[0,0],"10":[0,0],"11":[0,0],"12":[0,0],"13":[0,0],"14":[0,0],"15":[0,0],"16":[0,0],"17":[0,0,0,0,0,0,0,0,0,0],"18":[0,0],"19":[0,0],"20":[0,0],"21":[0,0],"22":[0,0],"23":[0,0],"24":[0,0],"25":[0,0],"26":[0,0],"27":[0,0],"28":[0,0],"29":[0,0],"30":[0,0],"31":[0,0],"32":[0,0],"33":[0,0],"34":[0,0],"35":[0,0],"36":[0,0],"37":[0,0],"38":[0,0],"39":[0,0],"40":[0,0],"41":[0,0],"42":[0,0],"43":[0,0],"44":[0,0],"45":[0,0],"46":[0,0],"47":[0,0],"48":[0,0],"49":[0,0]},"_coverageSchema":"332fd63041d2c1bcb487cc26dd0d5f7d97098a6c","hash":"04c4f23b8c5eae7efc349987dd05d501f2682389","contentHash":"19b5c9526334df3124f4a1ed713d41e1_11.3.0"},"/Users/yujiapei/WebstormProjects/project_team055/src/controller/IInsightFacade.js":{"path":"/Users/yujiapei/WebstormProjects/project_team055/src/controller/IInsightFacade.js","statementMap":{"0":{"start":{"line":2,"column":0},"end":{"line":2,"column":62}},"1":{"start":{"line":4,"column":0},"end":{"line":7,"column":89}},"2":{"start":{"line":5,"column":4},"end":{"line":5,"column":46}},"3":{"start":{"line":6,"column":4},"end":{"line":6,"column":42}},"4":{"start":{"line":10,"column":8},"end":{"line":10,"column":23}},"5":{"start":{"line":11,"column":8},"end":{"line":11,"column":52}},"6":{"start":{"line":14,"column":0},"end":{"line":14,"column":36}},"7":{"start":{"line":17,"column":8},"end":{"line":17,"column":23}},"8":{"start":{"line":18,"column":8},"end":{"line":18,"column":53}},"9":{"start":{"line":21,"column":0},"end":{"line":21,"column":38}},"10":{"start":{"line":24,"column":8},"end":{"line":24,"column":23}},"11":{"start":{"line":25,"column":8},"end":{"line":25,"column":59}},"12":{"start":{"line":28,"column":0},"end":{"line":28,"column":50}}},"fnMap":{"0":{"name":"(anonymous_0)","decl":{"start":{"line":4,"column":1},"end":{"line":4,"column":2}},"loc":{"start":{"line":4,"column":31},"end":{"line":7,"column":1}},"line":4},"1":{"name":"(anonymous_1)","decl":{"start":{"line":9,"column":4},"end":{"line":9,"column":5}},"loc":{"start":{"line":9,"column":25},"end":{"line":12,"column":5}},"line":9},"2":{"name":"(anonymous_2)","decl":{"start":{"line":16,"column":4},"end":{"line":16,"column":5}},"loc":{"start":{"line":16,"column":25},"end":{"line":19,"column":5}},"line":16},"3":{"name":"(anonymous_3)","decl":{"start":{"line":23,"column":4},"end":{"line":23,"column":5}},"loc":{"start":{"line":23,"column":25},"end":{"line":26,"column":5}},"line":23}},"branchMap":{"0":{"loc":{"start":{"line":7,"column":24},"end":{"line":7,"column":87}},"type":"binary-expr","locations":[{"start":{"line":7,"column":24},"end":{"line":7,"column":50}},{"start":{"line":7,"column":55},"end":{"line":7,"column":86}}],"line":7}},"s":{"0":1,"1":1,"2":1,"3":1,"4":0,"5":0,"6":1,"7":0,"8":0,"9":1,"10":0,"11":0,"12":1},"f":{"0":1,"1":0,"2":0,"3":0},"b":{"0":[1,1]},"_coverageSchema":"332fd63041d2c1bcb487cc26dd0d5f7d97098a6c","hash":"a8a18799dbe91a3c386dbec8ed946916f1ceedcc","contentHash":"5c8ded232c7c28d75c013e0dfcf1953d_11.3.0"},"/Users/yujiapei/WebstormProjects/project_team055/src/controller/CheckWO.js":{"path":"/Users/yujiapei/WebstormProjects/project_team055/src/controller/CheckWO.js","statementMap":{"0":{"start":{"line":2,"column":0},"end":{"line":2,"column":62}},"1":{"start":{"line":3,"column":21},"end":{"line":3,"column":44}},"2":{"start":{"line":4,"column":26},"end":{"line":4,"column":54}},"3":{"start":{"line":5,"column":28},"end":{"line":5,"column":58}},"4":{"start":{"line":8,"column":20},"end":{"line":8,"column":40}},"5":{"start":{"line":9,"column":21},"end":{"line":9,"column":39}},"6":{"start":{"line":10,"column":8},"end":{"line":11,"column":90}},"7":{"start":{"line":14,"column":20},"end":{"line":14,"column":29}},"8":{"start":{"line":15,"column":18},"end":{"line":15,"column":39}},"9":{"start":{"line":16,"column":20},"end":{"line":16,"column":30}},"10":{"start":{"line":17,"column":8},"end":{"line":28,"column":9}},"11":{"start":{"line":18,"column":22},"end":{"line":18,"column":34}},"12":{"start":{"line":19,"column":12},"end":{"line":24,"column":13}},"13":{"start":{"line":20,"column":16},"end":{"line":20,"column":67}},"14":{"start":{"line":23,"column":16},"end":{"line":23,"column":28}},"15":{"start":{"line":27,"column":12},"end":{"line":27,"column":25}},"16":{"start":{"line":31,"column":25},"end":{"line":31,"column":110}},"17":{"start":{"line":32,"column":23},"end":{"line":33,"column":32}},"18":{"start":{"line":34,"column":8},"end":{"line":56,"column":9}},"19":{"start":{"line":35,"column":22},"end":{"line":35,"column":42}},"20":{"start":{"line":36,"column":22},"end":{"line":36,"column":40}},"21":{"start":{"line":37,"column":22},"end":{"line":37,"column":44}},"22":{"start":{"line":38,"column":12},"end":{"line":52,"column":13}},"23":{"start":{"line":39,"column":25},"end":{"line":39,"column":42}},"24":{"start":{"line":40,"column":32},"end":{"line":40,"column":56}},"25":{"start":{"line":41,"column":16},"end":{"line":48,"column":17}},"26":{"start":{"line":42,"column":20},"end":{"line":43,"column":94}},"27":{"start":{"line":46,"column":20},"end":{"line":47,"column":94}},"28":{"start":{"line":51,"column":16},"end":{"line":51,"column":29}},"29":{"start":{"line":55,"column":12},"end":{"line":55,"column":25}},"30":{"start":{"line":59,"column":25},"end":{"line":59,"column":110}},"31":{"start":{"line":60,"column":23},"end":{"line":61,"column":32}},"32":{"start":{"line":62,"column":8},"end":{"line":87,"column":9}},"33":{"start":{"line":63,"column":21},"end":{"line":63,"column":37}},"34":{"start":{"line":64,"column":23},"end":{"line":64,"column":36}},"35":{"start":{"line":65,"column":12},"end":{"line":75,"column":13}},"36":{"start":{"line":66,"column":25},"end":{"line":66,"column":46}},"37":{"start":{"line":67,"column":16},"end":{"line":71,"column":17}},"38":{"start":{"line":68,"column":20},"end":{"line":70,"column":21}},"39":{"start":{"line":69,"column":24},"end":{"line":69,"column":37}},"40":{"start":{"line":74,"column":16},"end":{"line":74,"column":29}},"41":{"start":{"line":76,"column":12},"end":{"line":83,"column":13}},"42":{"start":{"line":77,"column":27},"end":{"line":77,"column":38}},"43":{"start":{"line":78,"column":25},"end":{"line":78,"column":46}},"44":{"start":{"line":79,"column":16},"end":{"line":79,"column":102}},"45":{"start":{"line":82,"column":16},"end":{"line":82,"column":28}},"46":{"start":{"line":86,"column":12},"end":{"line":86,"column":25}},"47":{"start":{"line":90,"column":8},"end":{"line":105,"column":9}},"48":{"start":{"line":91,"column":12},"end":{"line":101,"column":13}},"49":{"start":{"line":92,"column":16},"end":{"line":93,"column":60}},"50":{"start":{"line":95,"column":17},"end":{"line":101,"column":13}},"51":{"start":{"line":96,"column":16},"end":{"line":97,"column":58}},"52":{"start":{"line":100,"column":16},"end":{"line":100,"column":29}},"53":{"start":{"line":104,"column":12},"end":{"line":104,"column":25}},"54":{"start":{"line":108,"column":8},"end":{"line":121,"column":9}},"55":{"start":{"line":109,"column":12},"end":{"line":117,"column":13}},"56":{"start":{"line":110,"column":16},"end":{"line":110,"column":115}},"57":{"start":{"line":112,"column":17},"end":{"line":117,"column":13}},"58":{"start":{"line":113,"column":16},"end":{"line":113,"column":113}},"59":{"start":{"line":116,"column":16},"end":{"line":116,"column":29}},"60":{"start":{"line":120,"column":12},"end":{"line":120,"column":25}},"61":{"start":{"line":124,"column":17},"end":{"line":124,"column":33}},"62":{"start":{"line":125,"column":19},"end":{"line":125,"column":32}},"63":{"start":{"line":126,"column":8},"end":{"line":126,"column":37}},"64":{"start":{"line":129,"column":21},"end":{"line":129,"column":61}},"65":{"start":{"line":130,"column":25},"end":{"line":130,"column":48}},"66":{"start":{"line":131,"column":21},"end":{"line":131,"column":66}},"67":{"start":{"line":132,"column":25},"end":{"line":133,"column":32}},"68":{"start":{"line":134,"column":20},"end":{"line":134,"column":38}},"69":{"start":{"line":135,"column":18},"end":{"line":135,"column":56}},"70":{"start":{"line":136,"column":18},"end":{"line":136,"column":44}},"71":{"start":{"line":137,"column":8},"end":{"line":148,"column":9}},"72":{"start":{"line":138,"column":12},"end":{"line":140,"column":13}},"73":{"start":{"line":139,"column":16},"end":{"line":139,"column":28}},"74":{"start":{"line":141,"column":12},"end":{"line":141,"column":89}},"75":{"start":{"line":144,"column":12},"end":{"line":146,"column":13}},"76":{"start":{"line":145,"column":16},"end":{"line":145,"column":28}},"77":{"start":{"line":147,"column":12},"end":{"line":147,"column":93}},"78":{"start":{"line":151,"column":18},"end":{"line":151,"column":42}},"79":{"start":{"line":152,"column":18},"end":{"line":152,"column":20}},"80":{"start":{"line":153,"column":8},"end":{"line":158,"column":9}},"81":{"start":{"line":154,"column":27},"end":{"line":154,"column":57}},"82":{"start":{"line":155,"column":28},"end":{"line":155,"column":50}},"83":{"start":{"line":156,"column":22},"end":{"line":156,"column":54}},"84":{"start":{"line":157,"column":12},"end":{"line":157,"column":47}},"85":{"start":{"line":159,"column":8},"end":{"line":164,"column":9}},"86":{"start":{"line":160,"column":27},"end":{"line":160,"column":57}},"87":{"start":{"line":161,"column":28},"end":{"line":161,"column":50}},"88":{"start":{"line":162,"column":22},"end":{"line":162,"column":54}},"89":{"start":{"line":163,"column":12},"end":{"line":163,"column":47}},"90":{"start":{"line":165,"column":8},"end":{"line":170,"column":9}},"91":{"start":{"line":166,"column":27},"end":{"line":166,"column":57}},"92":{"start":{"line":167,"column":28},"end":{"line":167,"column":50}},"93":{"start":{"line":168,"column":22},"end":{"line":168,"column":54}},"94":{"start":{"line":169,"column":12},"end":{"line":169,"column":49}},"95":{"start":{"line":171,"column":8},"end":{"line":179,"column":9}},"96":{"start":{"line":172,"column":27},"end":{"line":172,"column":57}},"97":{"start":{"line":173,"column":28},"end":{"line":173,"column":50}},"98":{"start":{"line":174,"column":22},"end":{"line":174,"column":54}},"99":{"start":{"line":175,"column":12},"end":{"line":177,"column":13}},"100":{"start":{"line":176,"column":16},"end":{"line":176,"column":28}},"101":{"start":{"line":178,"column":12},"end":{"line":178,"column":66}},"102":{"start":{"line":182,"column":8},"end":{"line":185,"column":9}},"103":{"start":{"line":183,"column":22},"end":{"line":183,"column":50}},"104":{"start":{"line":184,"column":12},"end":{"line":184,"column":103}},"105":{"start":{"line":186,"column":8},"end":{"line":188,"column":9}},"106":{"start":{"line":187,"column":12},"end":{"line":187,"column":99}},"107":{"start":{"line":189,"column":8},"end":{"line":191,"column":9}},"108":{"start":{"line":190,"column":12},"end":{"line":190,"column":80}},"109":{"start":{"line":192,"column":8},"end":{"line":192,"column":45}},"110":{"start":{"line":195,"column":21},"end":{"line":195,"column":37}},"111":{"start":{"line":197,"column":23},"end":{"line":197,"column":25}},"112":{"start":{"line":198,"column":8},"end":{"line":229,"column":9}},"113":{"start":{"line":199,"column":21},"end":{"line":199,"column":36}},"114":{"start":{"line":200,"column":12},"end":{"line":224,"column":13}},"115":{"start":{"line":201,"column":16},"end":{"line":201,"column":57}},"116":{"start":{"line":202,"column":16},"end":{"line":202,"column":54}},"117":{"start":{"line":205,"column":26},"end":{"line":205,"column":35}},"118":{"start":{"line":206,"column":16},"end":{"line":206,"column":70}},"119":{"start":{"line":207,"column":16},"end":{"line":223,"column":19}},"120":{"start":{"line":208,"column":31},"end":{"line":208,"column":39}},"121":{"start":{"line":209,"column":28},"end":{"line":209,"column":29}},"122":{"start":{"line":209,"column":40},"end":{"line":209,"column":41}},"123":{"start":{"line":209,"column":57},"end":{"line":209,"column":58}},"124":{"start":{"line":210,"column":20},"end":{"line":221,"column":21}},"125":{"start":{"line":211,"column":34},"end":{"line":211,"column":41}},"126":{"start":{"line":212,"column":38},"end":{"line":212,"column":44}},"127":{"start":{"line":213,"column":38},"end":{"line":213,"column":44}},"128":{"start":{"line":214,"column":24},"end":{"line":219,"column":25}},"129":{"start":{"line":215,"column":28},"end":{"line":215,"column":103}},"130":{"start":{"line":216,"column":28},"end":{"line":218,"column":29}},"131":{"start":{"line":217,"column":32},"end":{"line":217,"column":38}},"132":{"start":{"line":220,"column":24},"end":{"line":220,"column":28}},"133":{"start":{"line":222,"column":20},"end":{"line":222,"column":39}},"134":{"start":{"line":227,"column":12},"end":{"line":227,"column":58}},"135":{"start":{"line":228,"column":12},"end":{"line":228,"column":50}},"136":{"start":{"line":230,"column":8},"end":{"line":230,"column":19}},"137":{"start":{"line":233,"column":22},"end":{"line":240,"column":9}},"138":{"start":{"line":234,"column":12},"end":{"line":236,"column":13}},"139":{"start":{"line":235,"column":16},"end":{"line":235,"column":26}},"140":{"start":{"line":237,"column":12},"end":{"line":239,"column":13}},"141":{"start":{"line":238,"column":16},"end":{"line":238,"column":25}},"142":{"start":{"line":241,"column":8},"end":{"line":241,"column":37}},"143":{"start":{"line":244,"column":21},"end":{"line":244,"column":37}},"144":{"start":{"line":245,"column":18},"end":{"line":245,"column":35}},"145":{"start":{"line":246,"column":18},"end":{"line":246,"column":20}},"146":{"start":{"line":247,"column":8},"end":{"line":260,"column":9}},"147":{"start":{"line":248,"column":22},"end":{"line":248,"column":24}},"148":{"start":{"line":249,"column":12},"end":{"line":258,"column":13}},"149":{"start":{"line":250,"column":29},"end":{"line":250,"column":31}},"150":{"start":{"line":251,"column":16},"end":{"line":256,"column":17}},"151":{"start":{"line":252,"column":20},"end":{"line":252,"column":47}},"152":{"start":{"line":255,"column":20},"end":{"line":255,"column":33}},"153":{"start":{"line":257,"column":16},"end":{"line":257,"column":39}},"154":{"start":{"line":259,"column":12},"end":{"line":259,"column":26}},"155":{"start":{"line":261,"column":8},"end":{"line":261,"column":19}},"156":{"start":{"line":264,"column":8},"end":{"line":268,"column":9}},"157":{"start":{"line":265,"column":12},"end":{"line":267,"column":13}},"158":{"start":{"line":266,"column":16},"end":{"line":266,"column":29}},"159":{"start":{"line":269,"column":8},"end":{"line":269,"column":20}},"160":{"start":{"line":272,"column":0},"end":{"line":272,"column":26}}},"fnMap":{"0":{"name":"(anonymous_0)","decl":{"start":{"line":7,"column":4},"end":{"line":7,"column":5}},"loc":{"start":{"line":7,"column":31},"end":{"line":12,"column":5}},"line":7},"1":{"name":"(anonymous_1)","decl":{"start":{"line":13,"column":4},"end":{"line":13,"column":5}},"loc":{"start":{"line":13,"column":33},"end":{"line":29,"column":5}},"line":13},"2":{"name":"(anonymous_2)","decl":{"start":{"line":30,"column":4},"end":{"line":30,"column":5}},"loc":{"start":{"line":30,"column":45},"end":{"line":57,"column":5}},"line":30},"3":{"name":"(anonymous_3)","decl":{"start":{"line":58,"column":4},"end":{"line":58,"column":5}},"loc":{"start":{"line":58,"column":40},"end":{"line":88,"column":5}},"line":58},"4":{"name":"(anonymous_4)","decl":{"start":{"line":89,"column":4},"end":{"line":89,"column":5}},"loc":{"start":{"line":89,"column":75},"end":{"line":106,"column":5}},"line":89},"5":{"name":"(anonymous_5)","decl":{"start":{"line":107,"column":4},"end":{"line":107,"column":5}},"loc":{"start":{"line":107,"column":85},"end":{"line":122,"column":5}},"line":107},"6":{"name":"(anonymous_6)","decl":{"start":{"line":123,"column":4},"end":{"line":123,"column":5}},"loc":{"start":{"line":123,"column":27},"end":{"line":127,"column":5}},"line":123},"7":{"name":"(anonymous_7)","decl":{"start":{"line":128,"column":4},"end":{"line":128,"column":5}},"loc":{"start":{"line":128,"column":43},"end":{"line":149,"column":5}},"line":128},"8":{"name":"(anonymous_8)","decl":{"start":{"line":150,"column":4},"end":{"line":150,"column":5}},"loc":{"start":{"line":150,"column":45},"end":{"line":180,"column":5}},"line":150},"9":{"name":"(anonymous_9)","decl":{"start":{"line":181,"column":4},"end":{"line":181,"column":5}},"loc":{"start":{"line":181,"column":53},"end":{"line":193,"column":5}},"line":181},"10":{"name":"(anonymous_10)","decl":{"start":{"line":194,"column":4},"end":{"line":194,"column":5}},"loc":{"start":{"line":194,"column":39},"end":{"line":231,"column":5}},"line":194},"11":{"name":"(anonymous_11)","decl":{"start":{"line":207,"column":35},"end":{"line":207,"column":36}},"loc":{"start":{"line":207,"column":45},"end":{"line":223,"column":17}},"line":207},"12":{"name":"(anonymous_12)","decl":{"start":{"line":232,"column":4},"end":{"line":232,"column":5}},"loc":{"start":{"line":232,"column":33},"end":{"line":242,"column":5}},"line":232},"13":{"name":"(anonymous_13)","decl":{"start":{"line":233,"column":22},"end":{"line":233,"column":23}},"loc":{"start":{"line":233,"column":40},"end":{"line":240,"column":9}},"line":233},"14":{"name":"(anonymous_14)","decl":{"start":{"line":243,"column":4},"end":{"line":243,"column":5}},"loc":{"start":{"line":243,"column":39},"end":{"line":262,"column":5}},"line":243},"15":{"name":"(anonymous_15)","decl":{"start":{"line":263,"column":4},"end":{"line":263,"column":5}},"loc":{"start":{"line":263,"column":41},"end":{"line":270,"column":5}},"line":263}},"branchMap":{"0":{"loc":{"start":{"line":10,"column":15},"end":{"line":11,"column":89}},"type":"binary-expr","locations":[{"start":{"line":10,"column":15},"end":{"line":10,"column":40}},{"start":{"line":10,"column":44},"end":{"line":10,"column":69}},{"start":{"line":11,"column":15},"end":{"line":11,"column":49}},{"start":{"line":11,"column":53},"end":{"line":11,"column":89}}],"line":10},"1":{"loc":{"start":{"line":17,"column":8},"end":{"line":28,"column":9}},"type":"if","locations":[{"start":{"line":17,"column":8},"end":{"line":28,"column":9}},{"start":{"line":17,"column":8},"end":{"line":28,"column":9}}],"line":17},"2":{"loc":{"start":{"line":19,"column":12},"end":{"line":24,"column":13}},"type":"if","locations":[{"start":{"line":19,"column":12},"end":{"line":24,"column":13}},{"start":{"line":19,"column":12},"end":{"line":24,"column":13}}],"line":19},"3":{"loc":{"start":{"line":34,"column":8},"end":{"line":56,"column":9}},"type":"if","locations":[{"start":{"line":34,"column":8},"end":{"line":56,"column":9}},{"start":{"line":34,"column":8},"end":{"line":56,"column":9}}],"line":34},"4":{"loc":{"start":{"line":38,"column":12},"end":{"line":52,"column":13}},"type":"if","locations":[{"start":{"line":38,"column":12},"end":{"line":52,"column":13}},{"start":{"line":38,"column":12},"end":{"line":52,"column":13}}],"line":38},"5":{"loc":{"start":{"line":41,"column":16},"end":{"line":48,"column":17}},"type":"if","locations":[{"start":{"line":41,"column":16},"end":{"line":48,"column":17}},{"start":{"line":41,"column":16},"end":{"line":48,"column":17}}],"line":41},"6":{"loc":{"start":{"line":42,"column":27},"end":{"line":43,"column":93}},"type":"binary-expr","locations":[{"start":{"line":42,"column":27},"end":{"line":42,"column":65}},{"start":{"line":42,"column":69},"end":{"line":42,"column":87}},{"start":{"line":43,"column":27},"end":{"line":43,"column":37}},{"start":{"line":43,"column":41},"end":{"line":43,"column":59}},{"start":{"line":43,"column":63},"end":{"line":43,"column":93}}],"line":42},"7":{"loc":{"start":{"line":46,"column":27},"end":{"line":47,"column":93}},"type":"binary-expr","locations":[{"start":{"line":46,"column":27},"end":{"line":46,"column":63}},{"start":{"line":46,"column":67},"end":{"line":46,"column":85}},{"start":{"line":47,"column":27},"end":{"line":47,"column":37}},{"start":{"line":47,"column":41},"end":{"line":47,"column":59}},{"start":{"line":47,"column":63},"end":{"line":47,"column":93}}],"line":46},"8":{"loc":{"start":{"line":62,"column":8},"end":{"line":87,"column":9}},"type":"if","locations":[{"start":{"line":62,"column":8},"end":{"line":87,"column":9}},{"start":{"line":62,"column":8},"end":{"line":87,"column":9}}],"line":62},"9":{"loc":{"start":{"line":62,"column":12},"end":{"line":62,"column":112}},"type":"binary-expr","locations":[{"start":{"line":62,"column":12},"end":{"line":62,"column":43}},{"start":{"line":62,"column":47},"end":{"line":62,"column":72}},{"start":{"line":62,"column":76},"end":{"line":62,"column":112}}],"line":62},"10":{"loc":{"start":{"line":65,"column":12},"end":{"line":75,"column":13}},"type":"if","locations":[{"start":{"line":65,"column":12},"end":{"line":75,"column":13}},{"start":{"line":65,"column":12},"end":{"line":75,"column":13}}],"line":65},"11":{"loc":{"start":{"line":65,"column":16},"end":{"line":65,"column":56}},"type":"binary-expr","locations":[{"start":{"line":65,"column":16},"end":{"line":65,"column":35}},{"start":{"line":65,"column":39},"end":{"line":65,"column":56}}],"line":65},"12":{"loc":{"start":{"line":68,"column":20},"end":{"line":70,"column":21}},"type":"if","locations":[{"start":{"line":68,"column":20},"end":{"line":70,"column":21}},{"start":{"line":68,"column":20},"end":{"line":70,"column":21}}],"line":68},"13":{"loc":{"start":{"line":76,"column":12},"end":{"line":83,"column":13}},"type":"if","locations":[{"start":{"line":76,"column":12},"end":{"line":83,"column":13}},{"start":{"line":76,"column":12},"end":{"line":83,"column":13}}],"line":76},"14":{"loc":{"start":{"line":90,"column":8},"end":{"line":105,"column":9}},"type":"if","locations":[{"start":{"line":90,"column":8},"end":{"line":105,"column":9}},{"start":{"line":90,"column":8},"end":{"line":105,"column":9}}],"line":90},"15":{"loc":{"start":{"line":91,"column":12},"end":{"line":101,"column":13}},"type":"if","locations":[{"start":{"line":91,"column":12},"end":{"line":101,"column":13}},{"start":{"line":91,"column":12},"end":{"line":101,"column":13}}],"line":91},"16":{"loc":{"start":{"line":92,"column":23},"end":{"line":93,"column":59}},"type":"binary-expr","locations":[{"start":{"line":92,"column":23},"end":{"line":92,"column":45}},{"start":{"line":92,"column":49},"end":{"line":92,"column":80}},{"start":{"line":93,"column":23},"end":{"line":93,"column":59}}],"line":92},"17":{"loc":{"start":{"line":95,"column":17},"end":{"line":101,"column":13}},"type":"if","locations":[{"start":{"line":95,"column":17},"end":{"line":101,"column":13}},{"start":{"line":95,"column":17},"end":{"line":101,"column":13}}],"line":95},"18":{"loc":{"start":{"line":96,"column":23},"end":{"line":97,"column":57}},"type":"binary-expr","locations":[{"start":{"line":96,"column":23},"end":{"line":96,"column":45}},{"start":{"line":96,"column":49},"end":{"line":96,"column":80}},{"start":{"line":97,"column":23},"end":{"line":97,"column":57}}],"line":96},"19":{"loc":{"start":{"line":108,"column":8},"end":{"line":121,"column":9}},"type":"if","locations":[{"start":{"line":108,"column":8},"end":{"line":121,"column":9}},{"start":{"line":108,"column":8},"end":{"line":121,"column":9}}],"line":108},"20":{"loc":{"start":{"line":109,"column":12},"end":{"line":117,"column":13}},"type":"if","locations":[{"start":{"line":109,"column":12},"end":{"line":117,"column":13}},{"start":{"line":109,"column":12},"end":{"line":117,"column":13}}],"line":109},"21":{"loc":{"start":{"line":112,"column":17},"end":{"line":117,"column":13}},"type":"if","locations":[{"start":{"line":112,"column":17},"end":{"line":117,"column":13}},{"start":{"line":112,"column":17},"end":{"line":117,"column":13}}],"line":112},"22":{"loc":{"start":{"line":137,"column":8},"end":{"line":148,"column":9}},"type":"if","locations":[{"start":{"line":137,"column":8},"end":{"line":148,"column":9}},{"start":{"line":137,"column":8},"end":{"line":148,"column":9}}],"line":137},"23":{"loc":{"start":{"line":138,"column":12},"end":{"line":140,"column":13}},"type":"if","locations":[{"start":{"line":138,"column":12},"end":{"line":140,"column":13}},{"start":{"line":138,"column":12},"end":{"line":140,"column":13}}],"line":138},"24":{"loc":{"start":{"line":138,"column":16},"end":{"line":138,"column":85}},"type":"binary-expr","locations":[{"start":{"line":138,"column":16},"end":{"line":138,"column":34}},{"start":{"line":138,"column":38},"end":{"line":138,"column":58}},{"start":{"line":138,"column":62},"end":{"line":138,"column":85}}],"line":138},"25":{"loc":{"start":{"line":141,"column":19},"end":{"line":141,"column":88}},"type":"binary-expr","locations":[{"start":{"line":141,"column":19},"end":{"line":141,"column":37}},{"start":{"line":141,"column":41},"end":{"line":141,"column":61}},{"start":{"line":141,"column":65},"end":{"line":141,"column":88}}],"line":141},"26":{"loc":{"start":{"line":144,"column":12},"end":{"line":146,"column":13}},"type":"if","locations":[{"start":{"line":144,"column":12},"end":{"line":146,"column":13}},{"start":{"line":144,"column":12},"end":{"line":146,"column":13}}],"line":144},"27":{"loc":{"start":{"line":144,"column":16},"end":{"line":144,"column":89}},"type":"binary-expr","locations":[{"start":{"line":144,"column":16},"end":{"line":144,"column":34}},{"start":{"line":144,"column":38},"end":{"line":144,"column":62}},{"start":{"line":144,"column":66},"end":{"line":144,"column":89}}],"line":144},"28":{"loc":{"start":{"line":147,"column":19},"end":{"line":147,"column":92}},"type":"binary-expr","locations":[{"start":{"line":147,"column":19},"end":{"line":147,"column":37}},{"start":{"line":147,"column":41},"end":{"line":147,"column":65}},{"start":{"line":147,"column":69},"end":{"line":147,"column":92}}],"line":147},"29":{"loc":{"start":{"line":153,"column":8},"end":{"line":158,"column":9}},"type":"if","locations":[{"start":{"line":153,"column":8},"end":{"line":158,"column":9}},{"start":{"line":153,"column":8},"end":{"line":158,"column":9}}],"line":153},"30":{"loc":{"start":{"line":159,"column":8},"end":{"line":164,"column":9}},"type":"if","locations":[{"start":{"line":159,"column":8},"end":{"line":164,"column":9}},{"start":{"line":159,"column":8},"end":{"line":164,"column":9}}],"line":159},"31":{"loc":{"start":{"line":165,"column":8},"end":{"line":170,"column":9}},"type":"if","locations":[{"start":{"line":165,"column":8},"end":{"line":170,"column":9}},{"start":{"line":165,"column":8},"end":{"line":170,"column":9}}],"line":165},"32":{"loc":{"start":{"line":171,"column":8},"end":{"line":179,"column":9}},"type":"if","locations":[{"start":{"line":171,"column":8},"end":{"line":179,"column":9}},{"start":{"line":171,"column":8},"end":{"line":179,"column":9}}],"line":171},"33":{"loc":{"start":{"line":175,"column":12},"end":{"line":177,"column":13}},"type":"if","locations":[{"start":{"line":175,"column":12},"end":{"line":177,"column":13}},{"start":{"line":175,"column":12},"end":{"line":177,"column":13}}],"line":175},"34":{"loc":{"start":{"line":175,"column":16},"end":{"line":175,"column":43}},"type":"binary-expr","locations":[{"start":{"line":175,"column":16},"end":{"line":175,"column":27}},{"start":{"line":175,"column":31},"end":{"line":175,"column":43}}],"line":175},"35":{"loc":{"start":{"line":182,"column":8},"end":{"line":185,"column":9}},"type":"if","locations":[{"start":{"line":182,"column":8},"end":{"line":185,"column":9}},{"start":{"line":182,"column":8},"end":{"line":185,"column":9}}],"line":182},"36":{"loc":{"start":{"line":182,"column":12},"end":{"line":182,"column":102}},"type":"binary-expr","locations":[{"start":{"line":182,"column":12},"end":{"line":182,"column":35}},{"start":{"line":182,"column":39},"end":{"line":182,"column":53}},{"start":{"line":182,"column":57},"end":{"line":182,"column":102}}],"line":182},"37":{"loc":{"start":{"line":186,"column":8},"end":{"line":188,"column":9}},"type":"if","locations":[{"start":{"line":186,"column":8},"end":{"line":188,"column":9}},{"start":{"line":186,"column":8},"end":{"line":188,"column":9}}],"line":186},"38":{"loc":{"start":{"line":186,"column":12},"end":{"line":186,"column":102}},"type":"binary-expr","locations":[{"start":{"line":186,"column":12},"end":{"line":186,"column":35}},{"start":{"line":186,"column":39},"end":{"line":186,"column":53}},{"start":{"line":186,"column":57},"end":{"line":186,"column":102}}],"line":186},"39":{"loc":{"start":{"line":189,"column":8},"end":{"line":191,"column":9}},"type":"if","locations":[{"start":{"line":189,"column":8},"end":{"line":191,"column":9}},{"start":{"line":189,"column":8},"end":{"line":191,"column":9}}],"line":189},"40":{"loc":{"start":{"line":189,"column":12},"end":{"line":189,"column":102}},"type":"binary-expr","locations":[{"start":{"line":189,"column":12},"end":{"line":189,"column":35}},{"start":{"line":189,"column":39},"end":{"line":189,"column":53}},{"start":{"line":189,"column":57},"end":{"line":189,"column":102}}],"line":189},"41":{"loc":{"start":{"line":198,"column":8},"end":{"line":229,"column":9}},"type":"if","locations":[{"start":{"line":198,"column":8},"end":{"line":229,"column":9}},{"start":{"line":198,"column":8},"end":{"line":229,"column":9}}],"line":198},"42":{"loc":{"start":{"line":200,"column":12},"end":{"line":224,"column":13}},"type":"if","locations":[{"start":{"line":200,"column":12},"end":{"line":224,"column":13}},{"start":{"line":200,"column":12},"end":{"line":224,"column":13}}],"line":200},"43":{"loc":{"start":{"line":210,"column":27},"end":{"line":210,"column":58}},"type":"binary-expr","locations":[{"start":{"line":210,"column":27},"end":{"line":210,"column":39}},{"start":{"line":210,"column":43},"end":{"line":210,"column":58}}],"line":210},"44":{"loc":{"start":{"line":214,"column":24},"end":{"line":219,"column":25}},"type":"if","locations":[{"start":{"line":214,"column":24},"end":{"line":219,"column":25}},{"start":{"line":214,"column":24},"end":{"line":219,"column":25}}],"line":214},"45":{"loc":{"start":{"line":214,"column":28},"end":{"line":214,"column":68}},"type":"binary-expr","locations":[{"start":{"line":214,"column":28},"end":{"line":214,"column":46}},{"start":{"line":214,"column":50},"end":{"line":214,"column":68}}],"line":214},"46":{"loc":{"start":{"line":216,"column":28},"end":{"line":218,"column":29}},"type":"if","locations":[{"start":{"line":216,"column":28},"end":{"line":218,"column":29}},{"start":{"line":216,"column":28},"end":{"line":218,"column":29}}],"line":216},"47":{"loc":{"start":{"line":234,"column":12},"end":{"line":236,"column":13}},"type":"if","locations":[{"start":{"line":234,"column":12},"end":{"line":236,"column":13}},{"start":{"line":234,"column":12},"end":{"line":236,"column":13}}],"line":234},"48":{"loc":{"start":{"line":237,"column":12},"end":{"line":239,"column":13}},"type":"if","locations":[{"start":{"line":237,"column":12},"end":{"line":239,"column":13}},{"start":{"line":237,"column":12},"end":{"line":239,"column":13}}],"line":237},"49":{"loc":{"start":{"line":251,"column":16},"end":{"line":256,"column":17}},"type":"if","locations":[{"start":{"line":251,"column":16},"end":{"line":256,"column":17}},{"start":{"line":251,"column":16},"end":{"line":256,"column":17}}],"line":251},"50":{"loc":{"start":{"line":265,"column":12},"end":{"line":267,"column":13}},"type":"if","locations":[{"start":{"line":265,"column":12},"end":{"line":267,"column":13}},{"start":{"line":265,"column":12},"end":{"line":267,"column":13}}],"line":265}},"s":{"0":1,"1":1,"2":1,"3":1,"4":0,"5":0,"6":0,"7":0,"8":0,"9":0,"10":0,"11":0,"12":0,"13":0,"14":0,"15":0,"16":0,"17":0,"18":0,"19":0,"20":0,"21":0,"22":0,"23":0,"24":0,"25":0,"26":0,"27":0,"28":0,"29":0,"30":0,"31":0,"32":0,"33":0,"34":0,"35":0,"36":0,"37":0,"38":0,"39":0,"40":0,"41":0,"42":0,"43":0,"44":0,"45":0,"46":0,"47":0,"48":0,"49":0,"50":0,"51":0,"52":0,"53":0,"54":0,"55":0,"56":0,"57":0,"58":0,"59":0,"60":0,"61":0,"62":0,"63":0,"64":0,"65
[...]
ne":32,"column":63},"end":{"line":34,"column":41}},"line":32},"7":{"name":"(anonymous_7)","decl":{"start":{"line":34,"column":49},"end":{"line":34,"column":50}},"loc":{"start":{"line":34,"column":58},"end":{"line":36,"column":41}},"line":34},"8":{"name":"(anonymous_8)","decl":{"start":{"line":38,"column":97},"end":{"line":38,"column":98}},"loc":{"start":{"line":38,"column":104},"end":{"line":40,"column":37}},"line":38},"9":{"name":"(anonymous_9)","decl":{"start":{"line":40,"column":45},"end":{"line":40,"column":46}},"loc":{"start":{"line":40,"column":54},"end":{"line":42,"column":37}},"line":40},"10":{"name":"(anonymous_10)","decl":{"start":{"line":43,"column":41},"end":{"line":43,"column":42}},"loc":{"start":{"line":43,"column":50},"end":{"line":45,"column":33}},"line":43},"11":{"name":"(anonymous_11)","decl":{"start":{"line":50,"column":33},"end":{"line":50,"column":34}},"loc":{"start":{"line":50,"column":42},"end":{"line":52,"column":25}},"line":50},"12":{"name":"(anonymous_12)","decl":{"start":{"line":61,"column":21},"end":{"line":61,"column":22}},"loc":{"start":{"line":61,"column":30},"end":{"line":63,"column":13}},"line":61},"13":{"name":"(anonymous_13)","decl":{"start":{"line":66,"column":4},"end":{"line":66,"column":5}},"loc":{"start":{"line":66,"column":54},"end":{"line":94,"column":5}},"line":66},"14":{"name":"(anonymous_14)","decl":{"start":{"line":68,"column":27},"end":{"line":68,"column":28}},"loc":{"start":{"line":68,"column":54},"end":{"line":93,"column":9}},"line":68},"15":{"name":"(anonymous_15)","decl":{"start":{"line":69,"column":39},"end":{"line":69,"column":40}},"loc":{"start":{"line":69,"column":51},"end":{"line":92,"column":13}},"line":69},"16":{"name":"(anonymous_16)","decl":{"start":{"line":88,"column":91},"end":{"line":88,"column":92}},"loc":{"start":{"line":88,"column":106},"end":{"line":90,"column":17}},"line":88},"17":{"name":"(anonymous_17)","decl":{"start":{"line":95,"column":4},"end":{"line":95,"column":5}},"loc":{"start":{"line":95,"column":57},"end":{"line":114,"column":5}},"line":95},"18":{"name":"(anonymous_18)","decl":{"start":{"line":115,"column":4},"end":{"line":115,"column":5}},"loc":{"start":{"line":115,"column":29},"end":{"line":128,"column":5}},"line":115},"19":{"name":"(anonymous_19)","decl":{"start":{"line":129,"column":4},"end":{"line":129,"column":5}},"loc":{"start":{"line":129,"column":37},"end":{"line":144,"column":5}},"line":129},"20":{"name":"(anonymous_20)","decl":{"start":{"line":145,"column":4},"end":{"line":145,"column":5}},"loc":{"start":{"line":145,"column":31},"end":{"line":154,"column":5}},"line":145},"21":{"name":"(anonymous_21)","decl":{"start":{"line":155,"column":4},"end":{"line":155,"column":5}},"loc":{"start":{"line":155,"column":46},"end":{"line":177,"column":5}},"line":155},"22":{"name":"(anonymous_22)","decl":{"start":{"line":158,"column":27},"end":{"line":158,"column":28}},"loc":{"start":{"line":158,"column":54},"end":{"line":176,"column":9}},"line":158},"23":{"name":"(anonymous_23)","decl":{"start":{"line":163,"column":39},"end":{"line":163,"column":40}},"loc":{"start":{"line":163,"column":51},"end":{"line":173,"column":13}},"line":163},"24":{"name":"(anonymous_24)","decl":{"start":{"line":173,"column":21},"end":{"line":173,"column":22}},"loc":{"start":{"line":173,"column":30},"end":{"line":175,"column":13}},"line":173},"25":{"name":"(anonymous_25)","decl":{"start":{"line":178,"column":4},"end":{"line":178,"column":5}},"loc":{"start":{"line":178,"column":21},"end":{"line":200,"column":5}},"line":178},"26":{"name":"(anonymous_26)","decl":{"start":{"line":181,"column":27},"end":{"line":181,"column":28}},"loc":{"start":{"line":181,"column":54},"end":{"line":199,"column":9}},"line":181},"27":{"name":"(anonymous_27)","decl":{"start":{"line":182,"column":27},"end":{"line":182,"column":28}},"loc":{"start":{"line":182,"column":36},"end":{"line":198,"column":13}},"line":182},"28":{"name":"(anonymous_28)","decl":{"start":{"line":185,"column":31},"end":{"line":185,"column":32}},"loc":{"start":{"line":185,"column":41},"end":{"line":187,"column":17}},"line":185},"29":{"name":"(anonymous_29)","decl":{"start":{"line":188,"column":30},"end":{"line":188,"column":31}},"loc":{"start":{"line":188,"column":36},"end":{"line":197,"column":17}},"line":188}},"branchMap":{"0":{"loc":{"start":{"line":23,"column":16},"end":{"line":60,"column":17}},"type":"if","locations":[{"start":{"line":23,"column":16},"end":{"line":60,"column":17}},{"start":{"line":23,"column":16},"end":{"line":60,"column":17}}],"line":23},"1":{"loc":{"start":{"line":24,"column":20},"end":{"line":56,"column":21}},"type":"if","locations":[{"start":{"line":24,"column":20},"end":{"line":56,"column":21}},{"start":{"line":24,"column":20},"end":{"line":56,"column":21}}],"line":24},"2":{"loc":{"start":{"line":27,"column":28},"end":{"line":49,"column":29}},"type":"if","locations":[{"start":{"line":27,"column":28},"end":{"line":49,"column":29}},{"start":{"line":27,"column":28},"end":{"line":49,"column":29}}],"line":27},"3":{"loc":{"start":{"line":71,"column":20},"end":{"line":73,"column":21}},"type":"if","locations":[{"start":{"line":71,"column":20},"end":{"line":73,"column":21}},{"start":{"line":71,"column":20},"end":{"line":73,"column":21}}],"line":71},"4":{"loc":{"start":{"line":78,"column":16},"end":{"line":84,"column":17}},"type":"if","locations":[{"start":{"line":78,"column":16},"end":{"line":84,"column":17}},{"start":{"line":78,"column":16},"end":{"line":84,"column":17}}],"line":78},"5":{"loc":{"start":{"line":85,"column":16},"end":{"line":87,"column":17}},"type":"if","locations":[{"start":{"line":85,"column":16},"end":{"line":87,"column":17}},{"start":{"line":85,"column":16},"end":{"line":87,"column":17}}],"line":85},"6":{"loc":{"start":{"line":97,"column":8},"end":{"line":113,"column":9}},"type":"if","locations":[{"start":{"line":97,"column":8},"end":{"line":113,"column":9}},{"start":{"line":97,"column":8},"end":{"line":113,"column":9}}],"line":97},"7":{"loc":{"start":{"line":104,"column":16},"end":{"line":110,"column":17}},"type":"if","locations":[{"start":{"line":104,"column":16},"end":{"line":110,"column":17}},{"start":{"line":104,"column":16},"end":{"line":110,"column":17}}],"line":104},"8":{"loc":{"start":{"line":107,"column":20},"end":{"line":109,"column":21}},"type":"if","locations":[{"start":{"line":107,"column":20},"end":{"line":109,"column":21}},{"start":{"line":107,"column":20},"end":{"line":109,"column":21}}],"line":107},"9":{"loc":{"start":{"line":117,"column":8},"end":{"line":126,"column":9}},"type":"if","locations":[{"start":{"line":117,"column":8},"end":{"line":126,"column":9}},{"start":{"line":117,"column":8},"end":{"line":126,"column":9}}],"line":117},"10":{"loc":{"start":{"line":119,"column":12},"end":{"line":125,"column":13}},"type":"if","locations":[{"start":{"line":119,"column":12},"end":{"line":125,"column":13}},{"start":{"line":119,"column":12},"end":{"line":125,"column":13}}],"line":119},"11":{"loc":{"start":{"line":121,"column":20},"end":{"line":123,"column":21}},"type":"if","locations":[{"start":{"line":121,"column":20},"end":{"line":123,"column":21}},{"start":{"line":121,"column":20},"end":{"line":123,"column":21}}],"line":121},"12":{"loc":{"start":{"line":130,"column":8},"end":{"line":143,"column":9}},"type":"if","locations":[{"start":{"line":130,"column":8},"end":{"line":143,"column":9}},{"start":{"line":130,"column":8},"end":{"line":143,"column":9}}],"line":130},"13":{"loc":{"start":{"line":131,"column":12},"end":{"line":137,"column":13}},"type":"if","locations":[{"start":{"line":131,"column":12},"end":{"line":137,"column":13}},{"start":{"line":131,"column":12},"end":{"line":137,"column":13}}],"line":131},"14":{"loc":{"start":{"line":140,"column":12},"end":{"line":142,"column":13}},"type":"if","locations":[{"start":{"line":140,"column":12},"end":{"line":142,"column":13}},{"start":{"line":140,"column":12},"end":{"line":142,"column":13}}],"line":140},"15":{"loc":{"start":{"line":166,"column":20},"end":{"line":170,"column":21}},"type":"if","locations":[{"start":{"line":166,"column":20},"end":{"line":170,"column":21}},{"start":{"line":166,"column":20},"end":{"line":170,"column":21}}],"line":166}},"s":{"0":1,"1":1,"2":1,"3":1,"4":1,"5":1,"6":1,"7":1,"8":2,"9":2,"10":2,"11":2,"12":0,"13":0,"14":0,"15":0,"16":0,"17":0,"18":0,"19":0,"20":0,"21":0,"22":0,"23":0,"24":0,"25":0,"26":0,"27":0,"28":0,"29":0,"30":0,"31":0,"32":0,"33":0,"34":0,"35":0,"36":0,"37":0,"38":0,"39":0,"40":0,"41":0,"42":0,"43":0,"44":0,"45":0,"46":0,"47":0,"48":0,"49":0,"50":0,"51":0,"52":0,"53":0,"54":0,"55":0,"56":0,"57":0,"58":0,"59":0,"60":0,"61":0,"62":0,"63":0,"64":0,"65":0,"66":0,"67":0,"68":0,"69":0,"70":0,"71":0,"72":0,"73":0,"74":0,"75":0,"76":0,"77":0,"78":0,"79":0,"80":0,"81":0,"82":0,"83":0,"84":0,"85":0,"86":0,"87":0,"88":0,"89":0,"90":0,"91":0,"92":0,"93":0,"94":0,"95":0,"96":0,"97":0,"98":0,"99":0,"100":0,"101":0,"102":0,"103":0,"104":0,"105":0,"106":0,"107":0,"108":0,"109":0,"110":0,"111":0,"112":0,"113":0,"114":0,"115":0,"116":0,"117":1},"f":{"0":2,"1":0,"2":0,"3":0,"4":0,"5":0,"6":0,"7":0,"8":0,"9":0,"10":0,"11":0,"12":0,"13":0,"14":0,"15":0,"16":0,"17":0,"18":0,"19":0,"20":0,"21":0,"22":0,"23":0,"24":0,"25":0,"26":0,"27":0,"28":0,"29":0},"b":{"0":[0,0],"1":[0,0],"2":[0,0],"3":[0,0],"4":[0,0],"5":[0,0],"6":[0,0],"7":[0,0],"8":[0,0],"9":[0,0],"10":[0,0],"11":[0,0],"12":[0,0],"13":[0,0],"14":[0,0],"15":[0,0]},"_coverageSchema":"332fd63041d2c1bcb487cc26dd0d5f7d97098a6c","hash":"f57f281fbc736ab1c4ec6527bce958f20529dab1","contentHash":"7b1ec033aa78499229c832a8c66da9e3_11.3.0"},"/Users/yujiapei/WebstormProjects/project_team055/src/controller/FindRoom.js":{"path":"/Users/yujiapei/WebstormProjects/project_team055/src/controller/FindRoom.js","statementMap":{"0":{"start":{"line":2,"column":0},"end":{"line":2,"column":62}},"1":{"start":{"line":5,"column":24},"end":{"line":5,"column":60}},"2":{"start":{"line":6,"column":30},"end":{"line":7,"column":54}},"3":{"start":{"line":8,"column":31},"end":{"line":8,"column":33}},"4":{"start":{"line":9,"column":8},"end":{"line":17,"column":9}},"5":{"start":{"line":10,"column":12},"end":{"line":16,"column":13}},"6":{"start":{"line":11,"column":32},"end":{"line":11,"column":54}},"7":{"start":{"line":12,"column":16},"end":{"line":12,"column":68}},"8":{"start":{"line":13,"column":16},"end":{"line":15,"column":17}},"9":{"start":{"line":14,"column":20},"end":{"line":14,"column":59}},"10":{"start":{"line":18,"column":8},"end":{"line":18,"column":32}},"11":{"start":{"line":21,"column":26},"end":{"line":23,"column":73}},"12":{"start":{"line":24,"column":8},"end":{"line":48,"column":9}},"13":{"start":{"line":25,"column":12},"end":{"line":47,"column":13}},"14":{"start":{"line":26,"column":16},"end":{"line":26,"column":66}},"15":{"start":{"line":27,"column":16},"end":{"line":27,"column":64}},"16":{"start":{"line":28,"column":16},"end":{"line":28,"column":62}},"17":{"start":{"line":29,"column":16},"end":{"line":31,"column":17}},"18":{"start":{"line":30,"column":20},"end":{"line":30,"column":94}},"19":{"start":{"line":32,"column":16},"end":{"line":34,"column":17}},"20":{"start":{"line":33,"column":20},"end":{"line":33,"column":90}},"21":{"start":{"line":35,"column":16},"end":{"line":37,"column":17}},"22":{"start":{"line":36,"column":20},"end":{"line":36,"column":75}},"23":{"start":{"line":38,"column":16},"end":{"line":40,"column":17}},"24":{"start":{"line":39,"column":20},"end":{"line":39,"column":80}},"25":{"start":{"line":41,"column":16},"end":{"line":43,"column":17}},"26":{"start":{"line":42,"column":20},"end":{"line":42,"column":87}},"27":{"start":{"line":44,"column":16},"end":{"line":44,"column":84}},"28":{"start":{"line":45,"column":16},"end":{"line":45,"column":54}},"29":{"start":{"line":46,"column":16},"end":{"line":46,"column":54}},"30":{"start":{"line":49,"column":8},"end":{"line":49,"column":27}},"31":{"start":{"line":52,"column":30},"end":{"line":53,"column":54}},"32":{"start":{"line":54,"column":8},"end":{"line":69,"column":9}},"33":{"start":{"line":55,"column":12},"end":{"line":68,"column":13}},"34":{"start":{"line":56,"column":16},"end":{"line":58,"column":17}},"35":{"start":{"line":57,"column":20},"end":{"line":57,"column":84}},"36":{"start":{"line":59,"column":16},"end":{"line":61,"column":17}},"37":{"start":{"line":60,"column":20},"end":{"line":60,"column":100}},"38":{"start":{"line":62,"column":16},"end":{"line":64,"column":17}},"39":{"start":{"line":63,"column":20},"end":{"line":63,"column":82}},"40":{"start":{"line":65,"column":16},"end":{"line":67,"column":17}},"41":{"start":{"line":66,"column":20},"end":{"line":66,"column":91}},"42":{"start":{"line":70,"column":8},"end":{"line":70,"column":31}},"43":{"start":{"line":73,"column":23},"end":{"line":73,"column":40}},"44":{"start":{"line":74,"column":8},"end":{"line":84,"column":9}},"45":{"start":{"line":75,"column":29},"end":{"line":75,"column":47}},"46":{"start":{"line":76,"column":12},"end":{"line":83,"column":13}},"47":{"start":{"line":77,"column":16},"end":{"line":82,"column":17}},"48":{"start":{"line":78,"column":36},"end":{"line":78,"column":58}},"49":{"start":{"line":79,"column":20},"end":{"line":81,"column":21}},"50":{"start":{"line":80,"column":24},"end":{"line":80,"column":36}},"51":{"start":{"line":85,"column":8},"end":{"line":85,"column":21}},"52":{"start":{"line":88,"column":8},"end":{"line":97,"column":9}},"53":{"start":{"line":89,"column":12},"end":{"line":91,"column":13}},"54":{"start":{"line":90,"column":16},"end":{"line":90,"column":28}},"55":{"start":{"line":94,"column":12},"end":{"line":96,"column":13}},"56":{"start":{"line":95,"column":16},"end":{"line":95,"column":28}},"57":{"start":{"line":100,"column":0},"end":{"line":100,"column":27}}},"fnMap":{"0":{"name":"(anonymous_0)","decl":{"start":{"line":4,"column":4},"end":{"line":4,"column":5}},"loc":{"start":{"line":4,"column":35},"end":{"line":19,"column":5}},"line":4},"1":{"name":"(anonymous_1)","decl":{"start":{"line":20,"column":4},"end":{"line":20,"column":5}},"loc":{"start":{"line":20,"column":58},"end":{"line":50,"column":5}},"line":20},"2":{"name":"(anonymous_2)","decl":{"start":{"line":51,"column":4},"end":{"line":51,"column":5}},"loc":{"start":{"line":51,"column":40},"end":{"line":71,"column":5}},"line":51},"3":{"name":"(anonymous_3)","decl":{"start":{"line":72,"column":4},"end":{"line":72,"column":5}},"loc":{"start":{"line":72,"column":40},"end":{"line":86,"column":5}},"line":72},"4":{"name":"(anonymous_4)","decl":{"start":{"line":87,"column":4},"end":{"line":87,"column":5}},"loc":{"start":{"line":87,"column":57},"end":{"line":98,"column":5}},"line":87}},"branchMap":{"0":{"loc":{"start":{"line":10,"column":12},"end":{"line":16,"column":13}},"type":"if","locations":[{"start":{"line":10,"column":12},"end":{"line":16,"column":13}},{"start":{"line":10,"column":12},"end":{"line":16,"column":13}}],"line":10},"1":{"loc":{"start":{"line":13,"column":16},"end":{"line":15,"column":17}},"type":"if","locations":[{"start":{"line":13,"column":16},"end":{"line":15,"column":17}},{"start":{"line":13,"column":16},"end":{"line":15,"column":17}}],"line":13},"2":{"loc":{"start":{"line":25,"column":12},"end":{"line":47,"column":13}},"type":"if","locations":[{"start":{"line":25,"column":12},"end":{"line":47,"column":13}},{"start":{"line":25,"column":12},"end":{"line":47,"column":13}}],"line":25},"3":{"loc":{"start":{"line":29,"column":16},"end":{"line":31,"column":17}},"type":"if","locations":[{"start":{"line":29,"column":16},"end":{"line":31,"column":17}},{"start":{"line":29,"column":16},"end":{"line":31,"column":17}}],"line":29},"4":{"loc":{"start":{"line":32,"column":16},"end":{"line":34,"column":17}},"type":"if","locations":[{"start":{"line":32,"column":16},"end":{"line":34,"column":17}},{"start":{"line":32,"column":16},"end":{"line":34,"column":17}}],"line":32},"5":{"loc":{"start":{"line":35,"column":16},"end":{"line":37,"column":17}},"type":"if","locations":[{"start":{"line":35,"column":16},"end":{"line":37,"column":17}},{"start":{"line":35,"column":16},"end":{"line":37,"column":17}}],"line":35},"6":{"loc":{"start":{"line":38,"column":16},"end":{"line":40,"column":17}},"type":"if","locations":[{"start":{"line":38,"column":16},"end":{"line":40,"column":17}},{"start":{"line":38,"column":16},"end":{"line":40,"column":17}}],"line":38},"7":{"loc":{"start":{"line":41,"column":16},"end":{"line":43,"column":17}},"type":"if","locations":[{"start":{"line":41,"column":16},"end":{"line":43,"column":17}},{"start":{"line":41,"column":16},"end":{"line":43,"column":17}}],"line":41},"8":{"loc":{"start":{"line":55,"column":12},"end":{"line":68,"column":13}},"type":"if","locations":[{"start":{"line":55,"column":12},"end":{"line":68,"column":13}},{"start":{"line":55,"column":12},"end":{"line":68,"column":13}}],"line":55},"9":{"loc":{"start":{"line":56,"column":16},"end":{"line":58,"column":17}},"type":"if","locations":[{"start":{"line":56,"column":16},"end":{"line":58,"column":17}},{"start":{"line":56,"column":16},"end":{"line":58,"column":17}}],"line":56},"10":{"loc":{"start":{"line":59,"column":16},"end":{"line":61,"column":17}},"type":"if","locations":[{"start":{"line":59,"column":16},"end":{"line":61,"column":17}},{"start":{"line":59,"column":16},"end":{"line":61,"column":17}}],"line":59},"11":{"loc":{"start":{"line":62,"column":16},"end":{"line":64,"column":17}},"type":"if","locations":[{"start":{"line":62,"column":16},"end":{"line":64,"column":17}},{"start":{"line":62,"column":16},"end":{"line":64,"column":17}}],"line":62},"12":{"loc":{"start":{"line":65,"column":16},"end":{"line":67,"column":17}},"type":"if","locations":[{"start":{"line":65,"column":16},"end":{"line":67,"column":17}},{"start":{"line":65,"column":16},"end":{"line":67,"column":17}}],"line":65},"13":{"loc":{"start":{"line":74,"column":8},"end":{"line":84,"column":9}},"type":"if","locations":[{"start":{"line":74,"column":8},"end":{"line":84,"column":9}},{"start":{"line":74,"column":8},"end":{"line":84,"column":9}}],"line":74},"14":{"loc":{"start":{"line":76,"column":12},"end":{"line":83,"column":13}},"type":"if","locations":[{"start":{"line":76,"column":12},"end":{"line":83,"column":13}},{"start":{"line":76,"column":12},"end":{"line":83,"column":13}}],"line":76},"15":{"loc":{"start":{"line":79,"column":20},"end":{"line":81,"column":21}},"type":"if","locations":[{"start":{"line":79,"column":20},"end":{"line":81,"column":21}},{"start":{"line":79,"column":20},"end":{"line":81,"column":21}}],"line":79},"16":{"loc":{"start":{"line":88,"column":8},"end":{"line":97,"column":9}},"type":"if","locations":[{"start":{"line":88,"column":8},"end":{"line":97,"column":9}},{"start":{"line":88,"column":8},"end":{"line":97,"column":9}}],"line":88},"17":{"loc":{"start":{"line":89,"column":12},"end":{"line":91,"column":13}},"type":"if","locations":[{"start":{"line":89,"column":12},"end":{"line":91,"column":13}},{"start":{"line":89,"column":12},"end":{"line":91,"column":13}}],"line":89},"18":{"loc":{"start":{"line":94,"column":12},"end":{"line":96,"column":13}},"type":"if","locations":[{"start":{"line":94,"column":12},"end":{"line":96,"column":13}},{"start":{"line":94,"column":12},"end":{"line":96,"column":13}}],"line":94}},"s":{"0":1,"1":0,"2":0,"3":0,"4":0,"5":0,"6":0,"7":0,"8":0,"9":0,"10":0,"11":0,"12":0,"13":0,"14":0,"15":0,"16":0,"17":0,"18":0,"19":0,"20":0,"21":0,"22":0,"23":0,"24":0,"25":0,"26":0,"27":0,"28":0,"29":0,"30":0,"31":0,"32":0,"33":0,"34":0,"35":0,"36":0,"37":0,"38":0,"39":0,"40":0,"41":0,"42":0,"43":0,"44":0,"45":0,"46":0,"47":0,"48":0,"49":0,"50":0,"51":0,"52":0,"53":0,"54":0,"55":0,"56":0,"57":1},"f":{"0":0,"1":0,"2":0,"3":0,"4":0},"b":{"0":[0,0],"1":[0,0],"2":[0,0],"3":[0,0],"4":[0,0],"5":[0,0],"6":[0,0],"7":[0,0],"8":[0,0],"9":[0,0],"10":[0,0],"11":[0,0],"12":[0,0],"13":[0,0],"14":[0,0],"15":[0,0],"16":[0,0],"17":[0,0],"18":[0,0]},"_coverageSchema":"332fd63041d2c1bcb487cc26dd0d5f7d97098a6c","hash":"682dc4c33e225d540195cc057e2a939e9f8d54cc","contentHash":"bbfdd7a2052dcf58e88112a1f195e6c8_11.3.0"}}